{"/Users/garywu/Documents/Workspace/Burger/src/App.js": {"path":"/Users/garywu/Documents/Workspace/Burger/src/App.js","statementMap":{"0":{"start":{"line":1,"column":13},"end":{"line":1,"column":75}},"1":{"start":{"line":1,"column":94},"end":{"line":1,"column":147}},"2":{"start":{"line":1,"column":161},"end":{"line":1,"column":177}},"3":{"start":{"line":1,"column":192},"end":{"line":1,"column":222}},"4":{"start":{"line":2,"column":22},"end":{"line":2,"column":49}},"5":{"start":{"line":3,"column":18},"end":{"line":3,"column":40}},"6":{"start":{"line":4,"column":22},"end":{"line":4,"column":68}},"7":{"start":{"line":4,"column":92},"end":{"line":4,"column":131}},"8":{"start":{"line":6,"column":14},"end":{"line":6,"column":43}},"9":{"start":{"line":6,"column":59},"end":{"line":6,"column":90}},"10":{"start":{"line":7,"column":21},"end":{"line":7,"column":57}},"11":{"start":{"line":7,"column":80},"end":{"line":7,"column":118}},"12":{"start":{"line":8,"column":14},"end":{"line":8,"column":55}},"13":{"start":{"line":8,"column":71},"end":{"line":8,"column":102}},"14":{"start":{"line":9,"column":15},"end":{"line":9,"column":51}},"15":{"start":{"line":9,"column":90},"end":{"line":9,"column":144}},"16":{"start":{"line":11,"column":22},"end":{"line":13,"column":2}},"17":{"start":{"line":12,"column":2},"end":{"line":12,"column":80}},"18":{"start":{"line":12,"column":38},"end":{"line":12,"column":78}},"19":{"start":{"line":15,"column":20},"end":{"line":17,"column":2}},"20":{"start":{"line":16,"column":2},"end":{"line":16,"column":76}},"21":{"start":{"line":16,"column":38},"end":{"line":16,"column":74}},"22":{"start":{"line":19,"column":18},"end":{"line":21,"column":2}},"23":{"start":{"line":20,"column":2},"end":{"line":20,"column":72}},"24":{"start":{"line":20,"column":38},"end":{"line":20,"column":70}},"25":{"start":{"line":25,"column":4},"end":{"line":25,"column":33}},"26":{"start":{"line":30,"column":4},"end":{"line":33,"column":143}},"27":{"start":{"line":37,"column":4},"end":{"line":48,"column":5}},"28":{"start":{"line":38,"column":6},"end":{"line":45,"column":146}},"29":{"start":{"line":50,"column":4},"end":{"line":52,"column":138}},"30":{"start":{"line":58,"column":24},"end":{"line":62,"column":1}},"31":{"start":{"line":59,"column":2},"end":{"line":60,"column":49}},"32":{"start":{"line":64,"column":27},"end":{"line":68,"column":1}},"33":{"start":{"line":65,"column":2},"end":{"line":66,"column":70}},"34":{"start":{"line":66,"column":27},"end":{"line":66,"column":67}},"35":{"start":{"line":68,"column":2},"end":{"line":74,"column":6}}},"fnMap":{"0":{"name":"_interopRequireDefault","decl":{"start":{"line":9,"column":61},"end":{"line":9,"column":83}},"loc":{"start":{"line":9,"column":89},"end":{"line":9,"column":145}},"line":9},"1":{"name":"(anonymous_1)","decl":{"start":{"line":11,"column":52},"end":{"line":11,"column":53}},"loc":{"start":{"line":11,"column":58},"end":{"line":13,"column":1}},"line":11},"2":{"name":"(anonymous_2)","decl":{"start":{"line":12,"column":32},"end":{"line":12,"column":33}},"loc":{"start":{"line":12,"column":38},"end":{"line":12,"column":78}},"line":12},"3":{"name":"(anonymous_3)","decl":{"start":{"line":15,"column":50},"end":{"line":15,"column":51}},"loc":{"start":{"line":15,"column":56},"end":{"line":17,"column":1}},"line":15},"4":{"name":"(anonymous_4)","decl":{"start":{"line":16,"column":32},"end":{"line":16,"column":33}},"loc":{"start":{"line":16,"column":38},"end":{"line":16,"column":74}},"line":16},"5":{"name":"(anonymous_5)","decl":{"start":{"line":19,"column":48},"end":{"line":19,"column":49}},"loc":{"start":{"line":19,"column":54},"end":{"line":21,"column":1}},"line":19},"6":{"name":"(anonymous_6)","decl":{"start":{"line":20,"column":32},"end":{"line":20,"column":33}},"loc":{"start":{"line":20,"column":38},"end":{"line":20,"column":70}},"line":20},"7":{"name":"(anonymous_7)","decl":{"start":{"line":24,"column":2},"end":{"line":24,"column":3}},"loc":{"start":{"line":24,"column":22},"end":{"line":26,"column":3}},"line":24},"8":{"name":"(anonymous_8)","decl":{"start":{"line":28,"column":2},"end":{"line":28,"column":3}},"loc":{"start":{"line":28,"column":11},"end":{"line":55,"column":3}},"line":28},"9":{"name":"(anonymous_9)","decl":{"start":{"line":58,"column":24},"end":{"line":58,"column":25}},"loc":{"start":{"line":58,"column":33},"end":{"line":62,"column":1}},"line":58},"10":{"name":"(anonymous_10)","decl":{"start":{"line":64,"column":27},"end":{"line":64,"column":28}},"loc":{"start":{"line":64,"column":39},"end":{"line":68,"column":1}},"line":64},"11":{"name":"(anonymous_11)","decl":{"start":{"line":66,"column":21},"end":{"line":66,"column":22}},"loc":{"start":{"line":66,"column":27},"end":{"line":66,"column":67}},"line":66}},"branchMap":{"0":{"loc":{"start":{"line":9,"column":97},"end":{"line":9,"column":143}},"type":"cond-expr","locations":[{"start":{"line":9,"column":121},"end":{"line":9,"column":124}},{"start":{"line":9,"column":127},"end":{"line":9,"column":143}}],"line":9},"1":{"loc":{"start":{"line":9,"column":97},"end":{"line":9,"column":118}},"type":"binary-expr","locations":[{"start":{"line":9,"column":97},"end":{"line":9,"column":100}},{"start":{"line":9,"column":104},"end":{"line":9,"column":118}}],"line":9},"2":{"loc":{"start":{"line":37,"column":4},"end":{"line":48,"column":5}},"type":"if","locations":[{"start":{"line":37,"column":4},"end":{"line":48,"column":5}},{"start":{"line":37,"column":4},"end":{"line":48,"column":5}}],"line":37}},"s":{"0":0,"1":0,"2":0,"3":0,"4":0,"5":0,"6":0,"7":0,"8":0,"9":0,"10":0,"11":0,"12":0,"13":0,"14":0,"15":0,"16":0,"17":0,"18":0,"19":0,"20":0,"21":0,"22":0,"23":0,"24":0,"25":0,"26":0,"27":0,"28":0,"29":0,"30":0,"31":0,"32":0,"33":0,"34":0,"35":0},"f":{"0":0,"1":0,"2":0,"3":0,"4":0,"5":0,"6":0,"7":0,"8":0,"9":0,"10":0,"11":0},"b":{"0":[0,0],"1":[0,0],"2":[0,0]}}
,"/Users/garywu/Documents/Workspace/Burger/src/axios-orders.js": {"path":"/Users/garywu/Documents/Workspace/Burger/src/axios-orders.js","statementMap":{"0":{"start":{"line":1,"column":13},"end":{"line":1,"column":75}},"1":{"start":{"line":1,"column":88},"end":{"line":1,"column":104}},"2":{"start":{"line":1,"column":119},"end":{"line":1,"column":149}},"3":{"start":{"line":1,"column":188},"end":{"line":1,"column":242}},"4":{"start":{"line":3,"column":17},"end":{"line":4,"column":58}},"5":{"start":{"line":4,"column":59},"end":{"line":7,"column":9}}},"fnMap":{"0":{"name":"_interopRequireDefault","decl":{"start":{"line":1,"column":159},"end":{"line":1,"column":181}},"loc":{"start":{"line":1,"column":187},"end":{"line":1,"column":243}},"line":1}},"branchMap":{"0":{"loc":{"start":{"line":1,"column":195},"end":{"line":1,"column":241}},"type":"cond-expr","locations":[{"start":{"line":1,"column":219},"end":{"line":1,"column":222}},{"start":{"line":1,"column":225},"end":{"line":1,"column":241}}],"line":1},"1":{"loc":{"start":{"line":1,"column":195},"end":{"line":1,"column":216}},"type":"binary-expr","locations":[{"start":{"line":1,"column":195},"end":{"line":1,"column":198}},{"start":{"line":1,"column":202},"end":{"line":1,"column":216}}],"line":1}},"s":{"0":0,"1":0,"2":0,"3":0,"4":0,"5":0},"f":{"0":0},"b":{"0":[0,0],"1":[0,0]}}
,"/Users/garywu/Documents/Workspace/Burger/src/index.js": {"path":"/Users/garywu/Documents/Workspace/Burger/src/index.js","statementMap":{"0":{"start":{"line":1,"column":32},"end":{"line":1,"column":87}},"1":{"start":{"line":1,"column":101},"end":{"line":1,"column":117}},"2":{"start":{"line":1,"column":132},"end":{"line":1,"column":162}},"3":{"start":{"line":2,"column":16},"end":{"line":2,"column":36}},"4":{"start":{"line":2,"column":54},"end":{"line":2,"column":87}},"5":{"start":{"line":3,"column":22},"end":{"line":3,"column":49}},"6":{"start":{"line":4,"column":18},"end":{"line":4,"column":40}},"7":{"start":{"line":5,"column":13},"end":{"line":5,"column":29}},"8":{"start":{"line":6,"column":18},"end":{"line":6,"column":40}},"9":{"start":{"line":6,"column":60},"end":{"line":6,"column":95}},"10":{"start":{"line":8,"column":11},"end":{"line":8,"column":27}},"11":{"start":{"line":8,"column":40},"end":{"line":8,"column":68}},"12":{"start":{"line":9,"column":21},"end":{"line":9,"column":72}},"13":{"start":{"line":9,"column":95},"end":{"line":9,"column":133}},"14":{"start":{"line":10,"column":13},"end":{"line":10,"column":56}},"15":{"start":{"line":10,"column":71},"end":{"line":10,"column":101}},"16":{"start":{"line":11,"column":12},"end":{"line":11,"column":54}},"17":{"start":{"line":11,"column":68},"end":{"line":11,"column":97}},"18":{"start":{"line":11,"column":136},"end":{"line":11,"column":190}},"19":{"start":{"line":14,"column":0},"end":{"line":16,"column":22}},"20":{"start":{"line":18,"column":20},"end":{"line":21,"column":25}},"21":{"start":{"line":24,"column":14},"end":{"line":24,"column":119}},"22":{"start":{"line":27,"column":0},"end":{"line":29,"column":127}},"23":{"start":{"line":34,"column":0},"end":{"line":34,"column":64}}},"fnMap":{"0":{"name":"_interopRequireDefault","decl":{"start":{"line":11,"column":107},"end":{"line":11,"column":129}},"loc":{"start":{"line":11,"column":135},"end":{"line":11,"column":191}},"line":11}},"branchMap":{"0":{"loc":{"start":{"line":11,"column":143},"end":{"line":11,"column":189}},"type":"cond-expr","locations":[{"start":{"line":11,"column":167},"end":{"line":11,"column":170}},{"start":{"line":11,"column":173},"end":{"line":11,"column":189}}],"line":11},"1":{"loc":{"start":{"line":11,"column":143},"end":{"line":11,"column":164}},"type":"binary-expr","locations":[{"start":{"line":11,"column":143},"end":{"line":11,"column":146}},{"start":{"line":11,"column":150},"end":{"line":11,"column":164}}],"line":11},"2":{"loc":{"start":{"line":14,"column":0},"end":{"line":16,"column":22}},"type":"cond-expr","locations":[{"start":{"line":15,"column":0},"end":{"line":15,"column":43}},{"start":{"line":16,"column":0},"end":{"line":16,"column":22}}],"line":14},"3":{"loc":{"start":{"line":16,"column":0},"end":{"line":16,"column":22}},"type":"binary-expr","locations":[{"start":{"line":16,"column":0},"end":{"line":16,"column":4}},{"start":{"line":16,"column":8},"end":{"line":16,"column":22}}],"line":16}},"s":{"0":0,"1":0,"2":0,"3":0,"4":0,"5":0,"6":0,"7":0,"8":0,"9":0,"10":0,"11":0,"12":0,"13":0,"14":0,"15":0,"16":0,"17":0,"18":0,"19":0,"20":0,"21":0,"22":0,"23":0},"f":{"0":0},"b":{"0":[0,0],"1":[0,0],"2":[0,0],"3":[0,0]}}
,"/Users/garywu/Documents/Workspace/Burger/src/registerServiceWorker.js": {"path":"/Users/garywu/Documents/Workspace/Burger/src/registerServiceWorker.js","statementMap":{"0":{"start":{"line":1,"column":13},"end":{"line":1,"column":75}},"1":{"start":{"line":1,"column":75},"end":{"line":21,"column":9}},"2":{"start":{"line":21,"column":9},"end":{"line":102,"column":24}},"3":{"start":{"line":109,"column":20},"end":{"line":111,"column":89}},"4":{"start":{"line":111,"column":111},"end":{"line":117,"column":44}},"5":{"start":{"line":112,"column":22},"end":{"line":112,"column":70}},"6":{"start":{"line":112,"column":71},"end":{"line":115,"column":14}},"7":{"start":{"line":115,"column":6},"end":{"line":115,"column":13}},"8":{"start":{"line":115,"column":14},"end":{"line":117,"column":43}},"9":{"start":{"line":115,"column":67},"end":{"line":115,"column":112}},"10":{"start":{"line":115,"column":113},"end":{"line":117,"column":40}},"11":{"start":{"line":116,"column":8},"end":{"line":116,"column":31}},"12":{"start":{"line":117,"column":8},"end":{"line":117,"column":39}},"13":{"start":{"line":117,"column":78},"end":{"line":124,"column":156}},"14":{"start":{"line":117,"column":140},"end":{"line":124,"column":68}},"15":{"start":{"line":117,"column":201},"end":{"line":117,"column":224}},"16":{"start":{"line":117,"column":225},"end":{"line":124,"column":66}},"17":{"start":{"line":117,"column":265},"end":{"line":124,"column":64}},"18":{"start":{"line":117,"column":310},"end":{"line":124,"column":63}},"19":{"start":{"line":121,"column":12},"end":{"line":121,"column":69}},"20":{"start":{"line":124,"column":12},"end":{"line":124,"column":62}},"21":{"start":{"line":124,"column":87},"end":{"line":124,"column":153}},"22":{"start":{"line":125,"column":2},"end":{"line":128,"column":126}},"23":{"start":{"line":126,"column":4},"end":{"line":128,"column":30}},"24":{"start":{"line":127,"column":6},"end":{"line":127,"column":127}},"25":{"start":{"line":127,"column":58},"end":{"line":127,"column":124}},"26":{"start":{"line":127,"column":96},"end":{"line":127,"column":121}},"27":{"start":{"line":128,"column":6},"end":{"line":128,"column":29}},"28":{"start":{"line":128,"column":46},"end":{"line":128,"column":123}},"29":{"start":{"line":128,"column":150},"end":{"line":128,"column":267}},"30":{"start":{"line":128,"column":185},"end":{"line":128,"column":266}},"31":{"start":{"line":128,"column":237},"end":{"line":128,"column":263}}},"fnMap":{"0":{"name":"register","decl":{"start":{"line":111,"column":99},"end":{"line":111,"column":107}},"loc":{"start":{"line":111,"column":110},"end":{"line":117,"column":45}},"line":111},"1":{"name":"(anonymous_1)","decl":{"start":{"line":115,"column":46},"end":{"line":115,"column":47}},"loc":{"start":{"line":115,"column":52},"end":{"line":117,"column":41}},"line":115},"2":{"name":"registerValidSW","decl":{"start":{"line":117,"column":54},"end":{"line":117,"column":69}},"loc":{"start":{"line":117,"column":77},"end":{"line":124,"column":157}},"line":117},"3":{"name":"(anonymous_3)","decl":{"start":{"line":117,"column":123},"end":{"line":117,"column":124}},"loc":{"start":{"line":117,"column":139},"end":{"line":124,"column":69}},"line":117},"4":{"name":"(anonymous_4)","decl":{"start":{"line":117,"column":169},"end":{"line":117,"column":170}},"loc":{"start":{"line":117,"column":175},"end":{"line":124,"column":67}},"line":117},"5":{"name":"(anonymous_5)","decl":{"start":{"line":117,"column":258},"end":{"line":117,"column":259}},"loc":{"start":{"line":117,"column":264},"end":{"line":124,"column":65}},"line":117},"6":{"name":"(anonymous_6)","decl":{"start":{"line":124,"column":77},"end":{"line":124,"column":78}},"loc":{"start":{"line":124,"column":86},"end":{"line":124,"column":154}},"line":124},"7":{"name":"checkValidServiceWorker","decl":{"start":{"line":124,"column":166},"end":{"line":124,"column":189}},"loc":{"start":{"line":124,"column":197},"end":{"line":128,"column":127}},"line":124},"8":{"name":"(anonymous_8)","decl":{"start":{"line":125,"column":20},"end":{"line":125,"column":21}},"loc":{"start":{"line":125,"column":32},"end":{"line":128,"column":31}},"line":125},"9":{"name":"(anonymous_9)","decl":{"start":{"line":127,"column":41},"end":{"line":127,"column":42}},"loc":{"start":{"line":127,"column":57},"end":{"line":127,"column":125}},"line":127},"10":{"name":"(anonymous_10)","decl":{"start":{"line":127,"column":89},"end":{"line":127,"column":90}},"loc":{"start":{"line":127,"column":95},"end":{"line":127,"column":122}},"line":127},"11":{"name":"(anonymous_11)","decl":{"start":{"line":128,"column":39},"end":{"line":128,"column":40}},"loc":{"start":{"line":128,"column":45},"end":{"line":128,"column":124}},"line":128},"12":{"name":"unregister","decl":{"start":{"line":128,"column":136},"end":{"line":128,"column":146}},"loc":{"start":{"line":128,"column":149},"end":{"line":128,"column":268}},"line":128},"13":{"name":"(anonymous_13)","decl":{"start":{"line":128,"column":220},"end":{"line":128,"column":221}},"loc":{"start":{"line":128,"column":236},"end":{"line":128,"column":264}},"line":128}},"branchMap":{"0":{"loc":{"start":{"line":109,"column":28},"end":{"line":111,"column":88}},"type":"binary-expr","locations":[{"start":{"line":109,"column":28},"end":{"line":109,"column":68}},{"start":{"line":110,"column":0},"end":{"line":110,"column":36}},{"start":{"line":111,"column":0},"end":{"line":111,"column":88}}],"line":109},"1":{"loc":{"start":{"line":111,"column":111},"end":{"line":117,"column":44}},"type":"if","locations":[{"start":{"line":111,"column":111},"end":{"line":117,"column":44}},{"start":{"line":111,"column":111},"end":{"line":117,"column":44}}],"line":111},"2":{"loc":{"start":{"line":111,"column":115},"end":{"line":111,"column":184}},"type":"binary-expr","locations":[{"start":{"line":111,"column":115},"end":{"line":111,"column":152}},{"start":{"line":111,"column":156},"end":{"line":111,"column":184}}],"line":111},"3":{"loc":{"start":{"line":112,"column":71},"end":{"line":115,"column":14}},"type":"if","locations":[{"start":{"line":112,"column":71},"end":{"line":115,"column":14}},{"start":{"line":112,"column":71},"end":{"line":115,"column":14}}],"line":112},"4":{"loc":{"start":{"line":115,"column":113},"end":{"line":117,"column":40}},"type":"if","locations":[{"start":{"line":115,"column":113},"end":{"line":117,"column":40}},{"start":{"line":115,"column":113},"end":{"line":117,"column":40}}],"line":115},"5":{"loc":{"start":{"line":117,"column":265},"end":{"line":124,"column":64}},"type":"if","locations":[{"start":{"line":117,"column":265},"end":{"line":124,"column":64}},{"start":{"line":117,"column":265},"end":{"line":124,"column":64}}],"line":117},"6":{"loc":{"start":{"line":117,"column":310},"end":{"line":124,"column":63}},"type":"if","locations":[{"start":{"line":117,"column":310},"end":{"line":124,"column":63}},{"start":{"line":117,"column":310},"end":{"line":124,"column":63}}],"line":117},"7":{"loc":{"start":{"line":126,"column":4},"end":{"line":128,"column":30}},"type":"if","locations":[{"start":{"line":126,"column":4},"end":{"line":128,"column":30}},{"start":{"line":126,"column":4},"end":{"line":128,"column":30}}],"line":126},"8":{"loc":{"start":{"line":126,"column":8},"end":{"line":126,"column":100}},"type":"binary-expr","locations":[{"start":{"line":126,"column":8},"end":{"line":126,"column":31}},{"start":{"line":126,"column":35},"end":{"line":126,"column":100}}],"line":126},"9":{"loc":{"start":{"line":128,"column":150},"end":{"line":128,"column":267}},"type":"if","locations":[{"start":{"line":128,"column":150},"end":{"line":128,"column":267}},{"start":{"line":128,"column":150},"end":{"line":128,"column":267}}],"line":128}},"s":{"0":0,"1":0,"2":0,"3":0,"4":0,"5":0,"6":0,"7":0,"8":0,"9":0,"10":0,"11":0,"12":0,"13":0,"14":0,"15":0,"16":0,"17":0,"18":0,"19":0,"20":0,"21":0,"22":0,"23":0,"24":0,"25":0,"26":0,"27":0,"28":0,"29":0,"30":0,"31":0},"f":{"0":0,"1":0,"2":0,"3":0,"4":0,"5":0,"6":0,"7":0,"8":0,"9":0,"10":0,"11":0,"12":0,"13":0},"b":{"0":[0,0,0],"1":[0,0],"2":[0,0],"3":[0,0],"4":[0,0],"5":[0,0],"6":[0,0],"7":[0,0],"8":[0,0],"9":[0,0]}}
,"/Users/garywu/Documents/Workspace/Burger/src/components/Burger/Burger.js": {"path":"/Users/garywu/Documents/Workspace/Burger/src/components/Burger/Burger.js","statementMap":{"0":{"start":{"line":1,"column":13},"end":{"line":1,"column":75}},"1":{"start":{"line":1,"column":94},"end":{"line":1,"column":168}},"2":{"start":{"line":1,"column":182},"end":{"line":1,"column":198}},"3":{"start":{"line":1,"column":213},"end":{"line":1,"column":243}},"4":{"start":{"line":2,"column":24},"end":{"line":2,"column":52}},"5":{"start":{"line":2,"column":78},"end":{"line":2,"column":119}},"6":{"start":{"line":3,"column":17},"end":{"line":3,"column":38}},"7":{"start":{"line":3,"column":57},"end":{"line":3,"column":91}},"8":{"start":{"line":4,"column":25},"end":{"line":4,"column":73}},"9":{"start":{"line":4,"column":100},"end":{"line":4,"column":142}},"10":{"start":{"line":4,"column":181},"end":{"line":4,"column":235}},"11":{"start":{"line":6,"column":21},"end":{"line":29,"column":1}},"12":{"start":{"line":31,"column":15},"end":{"line":55,"column":1}},"13":{"start":{"line":32,"column":28},"end":{"line":32,"column":54}},"14":{"start":{"line":34,"column":31},"end":{"line":42,"column":8}},"15":{"start":{"line":36,"column":4},"end":{"line":38,"column":7}},"16":{"start":{"line":37,"column":6},"end":{"line":37,"column":178}},"17":{"start":{"line":41,"column":4},"end":{"line":41,"column":26}},"18":{"start":{"line":44,"column":2},"end":{"line":46,"column":3}},"19":{"start":{"line":45,"column":4},"end":{"line":45,"column":177}},"20":{"start":{"line":48,"column":2},"end":{"line":52,"column":165}},"21":{"start":{"line":57,"column":0},"end":{"line":58,"column":44}},"22":{"start":{"line":58,"column":44},"end":{"line":61,"column":7}}},"fnMap":{"0":{"name":"_interopRequireDefault","decl":{"start":{"line":4,"column":152},"end":{"line":4,"column":174}},"loc":{"start":{"line":4,"column":180},"end":{"line":4,"column":236}},"line":4},"1":{"name":"(anonymous_1)","decl":{"start":{"line":31,"column":15},"end":{"line":31,"column":16}},"loc":{"start":{"line":31,"column":36},"end":{"line":55,"column":1}},"line":31},"2":{"name":"(anonymous_2)","decl":{"start":{"line":35,"column":6},"end":{"line":35,"column":7}},"loc":{"start":{"line":35,"column":20},"end":{"line":39,"column":3}},"line":35},"3":{"name":"(anonymous_3)","decl":{"start":{"line":36,"column":48},"end":{"line":36,"column":49}},"loc":{"start":{"line":36,"column":58},"end":{"line":38,"column":5}},"line":36},"4":{"name":"(anonymous_4)","decl":{"start":{"line":40,"column":9},"end":{"line":40,"column":10}},"loc":{"start":{"line":40,"column":22},"end":{"line":42,"column":3}},"line":40}},"branchMap":{"0":{"loc":{"start":{"line":4,"column":188},"end":{"line":4,"column":234}},"type":"cond-expr","locations":[{"start":{"line":4,"column":212},"end":{"line":4,"column":215}},{"start":{"line":4,"column":218},"end":{"line":4,"column":234}}],"line":4},"1":{"loc":{"start":{"line":4,"column":188},"end":{"line":4,"column":209}},"type":"binary-expr","locations":[{"start":{"line":4,"column":188},"end":{"line":4,"column":191}},{"start":{"line":4,"column":195},"end":{"line":4,"column":209}}],"line":4},"2":{"loc":{"start":{"line":44,"column":2},"end":{"line":46,"column":3}},"type":"if","locations":[{"start":{"line":44,"column":2},"end":{"line":46,"column":3}},{"start":{"line":44,"column":2},"end":{"line":46,"column":3}}],"line":44}},"s":{"0":0,"1":0,"2":0,"3":0,"4":0,"5":0,"6":0,"7":0,"8":0,"9":0,"10":0,"11":0,"12":0,"13":0,"14":0,"15":0,"16":0,"17":0,"18":0,"19":0,"20":0,"21":0,"22":0},"f":{"0":0,"1":0,"2":0,"3":0,"4":0},"b":{"0":[0,0],"1":[0,0],"2":[0,0]}}
,"/Users/garywu/Documents/Workspace/Burger/src/components/Burger/BurgerControls/BurgerControls.js": {"path":"/Users/garywu/Documents/Workspace/Burger/src/components/Burger/BurgerControls/BurgerControls.js","statementMap":{"0":{"start":{"line":1,"column":13},"end":{"line":1,"column":75}},"1":{"start":{"line":1,"column":94},"end":{"line":1,"column":191}},"2":{"start":{"line":1,"column":205},"end":{"line":1,"column":221}},"3":{"start":{"line":1,"column":236},"end":{"line":1,"column":266}},"4":{"start":{"line":2,"column":24},"end":{"line":2,"column":52}},"5":{"start":{"line":2,"column":78},"end":{"line":2,"column":119}},"6":{"start":{"line":4,"column":21},"end":{"line":4,"column":61}},"7":{"start":{"line":4,"column":84},"end":{"line":4,"column":122}},"8":{"start":{"line":4,"column":161},"end":{"line":4,"column":215}},"9":{"start":{"line":6,"column":29},"end":{"line":15,"column":1}},"10":{"start":{"line":17,"column":20},"end":{"line":62,"column":1}},"11":{"start":{"line":64,"column":17},"end":{"line":68,"column":32}},"12":{"start":{"line":71,"column":23},"end":{"line":99,"column":1}},"13":{"start":{"line":80,"column":2},"end":{"line":95,"column":54}},"14":{"start":{"line":86,"column":6},"end":{"line":91,"column":116}},"15":{"start":{"line":89,"column":19},"end":{"line":89,"column":47}},"16":{"start":{"line":90,"column":24},"end":{"line":90,"column":57}},"17":{"start":{"line":99,"column":2},"end":{"line":101,"column":15}}},"fnMap":{"0":{"name":"_interopRequireDefault","decl":{"start":{"line":4,"column":132},"end":{"line":4,"column":154}},"loc":{"start":{"line":4,"column":160},"end":{"line":4,"column":216}},"line":4},"1":{"name":"(anonymous_1)","decl":{"start":{"line":71,"column":23},"end":{"line":71,"column":24}},"loc":{"start":{"line":79,"column":0},"end":{"line":99,"column":1}},"line":79},"2":{"name":"(anonymous_2)","decl":{"start":{"line":85,"column":19},"end":{"line":85,"column":20}},"loc":{"start":{"line":86,"column":6},"end":{"line":91,"column":116}},"line":86},"3":{"name":"(anonymous_3)","decl":{"start":{"line":89,"column":13},"end":{"line":89,"column":14}},"loc":{"start":{"line":89,"column":19},"end":{"line":89,"column":47}},"line":89},"4":{"name":"(anonymous_4)","decl":{"start":{"line":90,"column":18},"end":{"line":90,"column":19}},"loc":{"start":{"line":90,"column":24},"end":{"line":90,"column":57}},"line":90}},"branchMap":{"0":{"loc":{"start":{"line":4,"column":168},"end":{"line":4,"column":214}},"type":"cond-expr","locations":[{"start":{"line":4,"column":192},"end":{"line":4,"column":195}},{"start":{"line":4,"column":198},"end":{"line":4,"column":214}}],"line":4},"1":{"loc":{"start":{"line":4,"column":168},"end":{"line":4,"column":189}},"type":"binary-expr","locations":[{"start":{"line":4,"column":168},"end":{"line":4,"column":171}},{"start":{"line":4,"column":175},"end":{"line":4,"column":189}}],"line":4},"2":{"loc":{"start":{"line":95,"column":8},"end":{"line":95,"column":50}},"type":"cond-expr","locations":[{"start":{"line":95,"column":17},"end":{"line":95,"column":29}},{"start":{"line":95,"column":32},"end":{"line":95,"column":50}}],"line":95}},"s":{"0":0,"1":0,"2":0,"3":0,"4":0,"5":0,"6":0,"7":0,"8":0,"9":0,"10":0,"11":0,"12":0,"13":0,"14":0,"15":0,"16":0,"17":0},"f":{"0":0,"1":0,"2":0,"3":0,"4":0},"b":{"0":[0,0],"1":[0,0],"2":[0,0]}}
,"/Users/garywu/Documents/Workspace/Burger/src/components/Burger/BurgerControls/BurgerControl/BurgerControl.js": {"path":"/Users/garywu/Documents/Workspace/Burger/src/components/Burger/BurgerControls/BurgerControl/BurgerControl.js","statementMap":{"0":{"start":{"line":1,"column":13},"end":{"line":1,"column":75}},"1":{"start":{"line":1,"column":94},"end":{"line":1,"column":204}},"2":{"start":{"line":1,"column":218},"end":{"line":1,"column":234}},"3":{"start":{"line":1,"column":249},"end":{"line":1,"column":279}},"4":{"start":{"line":2,"column":24},"end":{"line":2,"column":52}},"5":{"start":{"line":2,"column":78},"end":{"line":2,"column":119}},"6":{"start":{"line":2,"column":158},"end":{"line":2,"column":212}},"7":{"start":{"line":4,"column":21},"end":{"line":9,"column":1}},"8":{"start":{"line":11,"column":21},"end":{"line":33,"column":1}},"9":{"start":{"line":35,"column":20},"end":{"line":39,"column":1}},"10":{"start":{"line":41,"column":19},"end":{"line":54,"column":1}},"11":{"start":{"line":56,"column":19},"end":{"line":69,"column":1}},"12":{"start":{"line":71,"column":22},"end":{"line":81,"column":1}},"13":{"start":{"line":72,"column":2},"end":{"line":78,"column":149}},"14":{"start":{"line":81,"column":2},"end":{"line":83,"column":14}}},"fnMap":{"0":{"name":"_interopRequireDefault","decl":{"start":{"line":2,"column":129},"end":{"line":2,"column":151}},"loc":{"start":{"line":2,"column":157},"end":{"line":2,"column":213}},"line":2},"1":{"name":"(anonymous_1)","decl":{"start":{"line":71,"column":22},"end":{"line":71,"column":23}},"loc":{"start":{"line":71,"column":62},"end":{"line":81,"column":1}},"line":71}},"branchMap":{"0":{"loc":{"start":{"line":2,"column":165},"end":{"line":2,"column":211}},"type":"cond-expr","locations":[{"start":{"line":2,"column":189},"end":{"line":2,"column":192}},{"start":{"line":2,"column":195},"end":{"line":2,"column":211}}],"line":2},"1":{"loc":{"start":{"line":2,"column":165},"end":{"line":2,"column":186}},"type":"binary-expr","locations":[{"start":{"line":2,"column":165},"end":{"line":2,"column":168}},{"start":{"line":2,"column":172},"end":{"line":2,"column":186}}],"line":2}},"s":{"0":0,"1":0,"2":0,"3":0,"4":0,"5":0,"6":0,"7":0,"8":0,"9":0,"10":0,"11":0,"12":0,"13":0,"14":0},"f":{"0":0,"1":0},"b":{"0":[0,0],"1":[0,0]}}
,"/Users/garywu/Documents/Workspace/Burger/src/components/Burger/BurgerIngredients/Bacon.js": {"path":"/Users/garywu/Documents/Workspace/Burger/src/components/Burger/BurgerIngredients/Bacon.js","statementMap":{"0":{"start":{"line":1,"column":13},"end":{"line":1,"column":75}},"1":{"start":{"line":1,"column":94},"end":{"line":1,"column":185}},"2":{"start":{"line":1,"column":199},"end":{"line":1,"column":215}},"3":{"start":{"line":1,"column":230},"end":{"line":1,"column":260}},"4":{"start":{"line":2,"column":24},"end":{"line":2,"column":52}},"5":{"start":{"line":2,"column":78},"end":{"line":2,"column":119}},"6":{"start":{"line":2,"column":158},"end":{"line":2,"column":212}},"7":{"start":{"line":4,"column":20},"end":{"line":9,"column":1}},"8":{"start":{"line":13,"column":4},"end":{"line":13,"column":126}},"9":{"start":{"line":14,"column":4},"end":{"line":14,"column":28}}},"fnMap":{"0":{"name":"_interopRequireDefault","decl":{"start":{"line":2,"column":129},"end":{"line":2,"column":151}},"loc":{"start":{"line":2,"column":157},"end":{"line":2,"column":213}},"line":2},"1":{"name":"(anonymous_1)","decl":{"start":{"line":12,"column":2},"end":{"line":12,"column":3}},"loc":{"start":{"line":12,"column":11},"end":{"line":14,"column":3}},"line":12}},"branchMap":{"0":{"loc":{"start":{"line":2,"column":165},"end":{"line":2,"column":211}},"type":"cond-expr","locations":[{"start":{"line":2,"column":189},"end":{"line":2,"column":192}},{"start":{"line":2,"column":195},"end":{"line":2,"column":211}}],"line":2},"1":{"loc":{"start":{"line":2,"column":165},"end":{"line":2,"column":186}},"type":"binary-expr","locations":[{"start":{"line":2,"column":165},"end":{"line":2,"column":168}},{"start":{"line":2,"column":172},"end":{"line":2,"column":186}}],"line":2}},"s":{"0":0,"1":0,"2":0,"3":0,"4":0,"5":0,"6":0,"7":0,"8":0,"9":0},"f":{"0":0,"1":0},"b":{"0":[0,0],"1":[0,0]}}
,"/Users/garywu/Documents/Workspace/Burger/src/components/Burger/BurgerIngredients/BreadBottom.js": {"path":"/Users/garywu/Documents/Workspace/Burger/src/components/Burger/BurgerIngredients/BreadBottom.js","statementMap":{"0":{"start":{"line":1,"column":13},"end":{"line":1,"column":75}},"1":{"start":{"line":1,"column":94},"end":{"line":1,"column":191}},"2":{"start":{"line":1,"column":205},"end":{"line":1,"column":221}},"3":{"start":{"line":1,"column":236},"end":{"line":1,"column":266}},"4":{"start":{"line":2,"column":24},"end":{"line":2,"column":52}},"5":{"start":{"line":2,"column":78},"end":{"line":2,"column":119}},"6":{"start":{"line":2,"column":158},"end":{"line":2,"column":212}},"7":{"start":{"line":4,"column":26},"end":{"line":11,"column":1}},"8":{"start":{"line":15,"column":4},"end":{"line":15,"column":132}},"9":{"start":{"line":16,"column":4},"end":{"line":16,"column":34}}},"fnMap":{"0":{"name":"_interopRequireDefault","decl":{"start":{"line":2,"column":129},"end":{"line":2,"column":151}},"loc":{"start":{"line":2,"column":157},"end":{"line":2,"column":213}},"line":2},"1":{"name":"(anonymous_1)","decl":{"start":{"line":14,"column":2},"end":{"line":14,"column":3}},"loc":{"start":{"line":14,"column":11},"end":{"line":16,"column":3}},"line":14}},"branchMap":{"0":{"loc":{"start":{"line":2,"column":165},"end":{"line":2,"column":211}},"type":"cond-expr","locations":[{"start":{"line":2,"column":189},"end":{"line":2,"column":192}},{"start":{"line":2,"column":195},"end":{"line":2,"column":211}}],"line":2},"1":{"loc":{"start":{"line":2,"column":165},"end":{"line":2,"column":186}},"type":"binary-expr","locations":[{"start":{"line":2,"column":165},"end":{"line":2,"column":168}},{"start":{"line":2,"column":172},"end":{"line":2,"column":186}}],"line":2}},"s":{"0":0,"1":0,"2":0,"3":0,"4":0,"5":0,"6":0,"7":0,"8":0,"9":0},"f":{"0":0,"1":0},"b":{"0":[0,0],"1":[0,0]}}
,"/Users/garywu/Documents/Workspace/Burger/src/components/Burger/BurgerIngredients/BreadTop.js": {"path":"/Users/garywu/Documents/Workspace/Burger/src/components/Burger/BurgerIngredients/BreadTop.js","statementMap":{"0":{"start":{"line":1,"column":13},"end":{"line":1,"column":75}},"1":{"start":{"line":1,"column":94},"end":{"line":1,"column":188}},"2":{"start":{"line":1,"column":202},"end":{"line":1,"column":218}},"3":{"start":{"line":1,"column":233},"end":{"line":1,"column":263}},"4":{"start":{"line":2,"column":24},"end":{"line":2,"column":52}},"5":{"start":{"line":2,"column":78},"end":{"line":2,"column":119}},"6":{"start":{"line":2,"column":158},"end":{"line":2,"column":212}},"7":{"start":{"line":4,"column":23},"end":{"line":12,"column":1}},"8":{"start":{"line":16,"column":4},"end":{"line":16,"column":129}},"9":{"start":{"line":17,"column":4},"end":{"line":17,"column":31}}},"fnMap":{"0":{"name":"_interopRequireDefault","decl":{"start":{"line":2,"column":129},"end":{"line":2,"column":151}},"loc":{"start":{"line":2,"column":157},"end":{"line":2,"column":213}},"line":2},"1":{"name":"(anonymous_1)","decl":{"start":{"line":15,"column":2},"end":{"line":15,"column":3}},"loc":{"start":{"line":15,"column":11},"end":{"line":17,"column":3}},"line":15}},"branchMap":{"0":{"loc":{"start":{"line":2,"column":165},"end":{"line":2,"column":211}},"type":"cond-expr","locations":[{"start":{"line":2,"column":189},"end":{"line":2,"column":192}},{"start":{"line":2,"column":195},"end":{"line":2,"column":211}}],"line":2},"1":{"loc":{"start":{"line":2,"column":165},"end":{"line":2,"column":186}},"type":"binary-expr","locations":[{"start":{"line":2,"column":165},"end":{"line":2,"column":168}},{"start":{"line":2,"column":172},"end":{"line":2,"column":186}}],"line":2}},"s":{"0":0,"1":0,"2":0,"3":0,"4":0,"5":0,"6":0,"7":0,"8":0,"9":0},"f":{"0":0,"1":0},"b":{"0":[0,0],"1":[0,0]}}
,"/Users/garywu/Documents/Workspace/Burger/src/components/Burger/BurgerIngredients/BurgerIngredients.js": {"path":"/Users/garywu/Documents/Workspace/Burger/src/components/Burger/BurgerIngredients/BurgerIngredients.js","statementMap":{"0":{"start":{"line":1,"column":13},"end":{"line":1,"column":75}},"1":{"start":{"line":1,"column":94},"end":{"line":1,"column":197}},"2":{"start":{"line":1,"column":211},"end":{"line":1,"column":227}},"3":{"start":{"line":1,"column":242},"end":{"line":1,"column":272}},"4":{"start":{"line":2,"column":17},"end":{"line":2,"column":38}},"5":{"start":{"line":2,"column":57},"end":{"line":2,"column":91}},"6":{"start":{"line":3,"column":13},"end":{"line":3,"column":31}},"7":{"start":{"line":3,"column":46},"end":{"line":3,"column":76}},"8":{"start":{"line":4,"column":19},"end":{"line":4,"column":43}},"9":{"start":{"line":4,"column":64},"end":{"line":4,"column":100}},"10":{"start":{"line":5,"column":16},"end":{"line":5,"column":37}},"11":{"start":{"line":5,"column":55},"end":{"line":5,"column":88}},"12":{"start":{"line":6,"column":14},"end":{"line":6,"column":33}},"13":{"start":{"line":6,"column":49},"end":{"line":6,"column":80}},"14":{"start":{"line":7,"column":12},"end":{"line":7,"column":29}},"15":{"start":{"line":7,"column":43},"end":{"line":7,"column":72}},"16":{"start":{"line":8,"column":13},"end":{"line":8,"column":31}},"17":{"start":{"line":8,"column":46},"end":{"line":8,"column":76}},"18":{"start":{"line":9,"column":12},"end":{"line":9,"column":30}},"19":{"start":{"line":9,"column":44},"end":{"line":9,"column":73}},"20":{"start":{"line":10,"column":13},"end":{"line":10,"column":31}},"21":{"start":{"line":10,"column":45},"end":{"line":10,"column":75}},"22":{"start":{"line":10,"column":114},"end":{"line":10,"column":168}},"23":{"start":{"line":12,"column":25},"end":{"line":30,"column":1}},"24":{"start":{"line":13,"column":2},"end":{"line":29,"column":7}},"25":{"start":{"line":32,"column":0},"end":{"line":33,"column":48}},"26":{"start":{"line":33,"column":48},"end":{"line":36,"column":17}}},"fnMap":{"0":{"name":"_interopRequireDefault","decl":{"start":{"line":10,"column":85},"end":{"line":10,"column":107}},"loc":{"start":{"line":10,"column":113},"end":{"line":10,"column":169}},"line":10},"1":{"name":"(anonymous_1)","decl":{"start":{"line":12,"column":25},"end":{"line":12,"column":26}},"loc":{"start":{"line":12,"column":39},"end":{"line":30,"column":1}},"line":12}},"branchMap":{"0":{"loc":{"start":{"line":10,"column":121},"end":{"line":10,"column":167}},"type":"cond-expr","locations":[{"start":{"line":10,"column":145},"end":{"line":10,"column":148}},{"start":{"line":10,"column":151},"end":{"line":10,"column":167}}],"line":10},"1":{"loc":{"start":{"line":10,"column":121},"end":{"line":10,"column":142}},"type":"binary-expr","locations":[{"start":{"line":10,"column":121},"end":{"line":10,"column":124}},{"start":{"line":10,"column":128},"end":{"line":10,"column":142}}],"line":10},"2":{"loc":{"start":{"line":13,"column":9},"end":{"line":29,"column":6}},"type":"cond-expr","locations":[{"start":{"line":14,"column":2},"end":{"line":14,"column":125}},{"start":{"line":15,"column":2},"end":{"line":29,"column":6}}],"line":13},"3":{"loc":{"start":{"line":15,"column":2},"end":{"line":29,"column":6}},"type":"cond-expr","locations":[{"start":{"line":16,"column":2},"end":{"line":16,"column":131}},{"start":{"line":17,"column":2},"end":{"line":29,"column":6}}],"line":15},"4":{"loc":{"start":{"line":17,"column":2},"end":{"line":29,"column":6}},"type":"cond-expr","locations":[{"start":{"line":18,"column":2},"end":{"line":18,"column":128}},{"start":{"line":19,"column":2},"end":{"line":29,"column":6}}],"line":17},"5":{"loc":{"start":{"line":19,"column":2},"end":{"line":29,"column":6}},"type":"cond-expr","locations":[{"start":{"line":20,"column":2},"end":{"line":20,"column":126}},{"start":{"line":21,"column":2},"end":{"line":29,"column":6}}],"line":19},"6":{"loc":{"start":{"line":21,"column":2},"end":{"line":29,"column":6}},"type":"cond-expr","locations":[{"start":{"line":22,"column":2},"end":{"line":22,"column":124}},{"start":{"line":23,"column":2},"end":{"line":29,"column":6}}],"line":21},"7":{"loc":{"start":{"line":23,"column":2},"end":{"line":29,"column":6}},"type":"cond-expr","locations":[{"start":{"line":24,"column":2},"end":{"line":24,"column":125}},{"start":{"line":25,"column":2},"end":{"line":29,"column":6}}],"line":23},"8":{"loc":{"start":{"line":25,"column":2},"end":{"line":29,"column":6}},"type":"cond-expr","locations":[{"start":{"line":26,"column":2},"end":{"line":26,"column":124}},{"start":{"line":27,"column":2},"end":{"line":29,"column":6}}],"line":25},"9":{"loc":{"start":{"line":27,"column":2},"end":{"line":29,"column":6}},"type":"cond-expr","locations":[{"start":{"line":28,"column":2},"end":{"line":28,"column":124}},{"start":{"line":29,"column":2},"end":{"line":29,"column":6}}],"line":27}},"s":{"0":0,"1":0,"2":0,"3":0,"4":0,"5":0,"6":0,"7":0,"8":0,"9":0,"10":0,"11":0,"12":0,"13":0,"14":0,"15":0,"16":0,"17":0,"18":0,"19":0,"20":0,"21":0,"22":0,"23":0,"24":0,"25":0,"26":0},"f":{"0":0,"1":0},"b":{"0":[0,0],"1":[0,0],"2":[0,0],"3":[0,0],"4":[0,0],"5":[0,0],"6":[0,0],"7":[0,0],"8":[0,0],"9":[0,0]}}
,"/Users/garywu/Documents/Workspace/Burger/src/components/Burger/BurgerIngredients/Cheese.js": {"path":"/Users/garywu/Documents/Workspace/Burger/src/components/Burger/BurgerIngredients/Cheese.js","statementMap":{"0":{"start":{"line":1,"column":13},"end":{"line":1,"column":75}},"1":{"start":{"line":1,"column":94},"end":{"line":1,"column":186}},"2":{"start":{"line":1,"column":200},"end":{"line":1,"column":216}},"3":{"start":{"line":1,"column":231},"end":{"line":1,"column":261}},"4":{"start":{"line":2,"column":24},"end":{"line":2,"column":52}},"5":{"start":{"line":2,"column":78},"end":{"line":2,"column":119}},"6":{"start":{"line":2,"column":158},"end":{"line":2,"column":212}},"7":{"start":{"line":4,"column":21},"end":{"line":10,"column":1}},"8":{"start":{"line":14,"column":4},"end":{"line":14,"column":127}},"9":{"start":{"line":15,"column":4},"end":{"line":15,"column":29}}},"fnMap":{"0":{"name":"_interopRequireDefault","decl":{"start":{"line":2,"column":129},"end":{"line":2,"column":151}},"loc":{"start":{"line":2,"column":157},"end":{"line":2,"column":213}},"line":2},"1":{"name":"(anonymous_1)","decl":{"start":{"line":13,"column":2},"end":{"line":13,"column":3}},"loc":{"start":{"line":13,"column":11},"end":{"line":15,"column":3}},"line":13}},"branchMap":{"0":{"loc":{"start":{"line":2,"column":165},"end":{"line":2,"column":211}},"type":"cond-expr","locations":[{"start":{"line":2,"column":189},"end":{"line":2,"column":192}},{"start":{"line":2,"column":195},"end":{"line":2,"column":211}}],"line":2},"1":{"loc":{"start":{"line":2,"column":165},"end":{"line":2,"column":186}},"type":"binary-expr","locations":[{"start":{"line":2,"column":165},"end":{"line":2,"column":168}},{"start":{"line":2,"column":172},"end":{"line":2,"column":186}}],"line":2}},"s":{"0":0,"1":0,"2":0,"3":0,"4":0,"5":0,"6":0,"7":0,"8":0,"9":0},"f":{"0":0,"1":0},"b":{"0":[0,0],"1":[0,0]}}
,"/Users/garywu/Documents/Workspace/Burger/src/components/Burger/BurgerIngredients/Meat.js": {"path":"/Users/garywu/Documents/Workspace/Burger/src/components/Burger/BurgerIngredients/Meat.js","statementMap":{"0":{"start":{"line":1,"column":13},"end":{"line":1,"column":75}},"1":{"start":{"line":1,"column":94},"end":{"line":1,"column":184}},"2":{"start":{"line":1,"column":198},"end":{"line":1,"column":214}},"3":{"start":{"line":1,"column":229},"end":{"line":1,"column":259}},"4":{"start":{"line":2,"column":24},"end":{"line":2,"column":52}},"5":{"start":{"line":2,"column":78},"end":{"line":2,"column":119}},"6":{"start":{"line":2,"column":158},"end":{"line":2,"column":212}},"7":{"start":{"line":4,"column":19},"end":{"line":10,"column":1}},"8":{"start":{"line":14,"column":4},"end":{"line":14,"column":125}},"9":{"start":{"line":15,"column":4},"end":{"line":15,"column":27}}},"fnMap":{"0":{"name":"_interopRequireDefault","decl":{"start":{"line":2,"column":129},"end":{"line":2,"column":151}},"loc":{"start":{"line":2,"column":157},"end":{"line":2,"column":213}},"line":2},"1":{"name":"(anonymous_1)","decl":{"start":{"line":13,"column":2},"end":{"line":13,"column":3}},"loc":{"start":{"line":13,"column":11},"end":{"line":15,"column":3}},"line":13}},"branchMap":{"0":{"loc":{"start":{"line":2,"column":165},"end":{"line":2,"column":211}},"type":"cond-expr","locations":[{"start":{"line":2,"column":189},"end":{"line":2,"column":192}},{"start":{"line":2,"column":195},"end":{"line":2,"column":211}}],"line":2},"1":{"loc":{"start":{"line":2,"column":165},"end":{"line":2,"column":186}},"type":"binary-expr","locations":[{"start":{"line":2,"column":165},"end":{"line":2,"column":168}},{"start":{"line":2,"column":172},"end":{"line":2,"column":186}}],"line":2}},"s":{"0":0,"1":0,"2":0,"3":0,"4":0,"5":0,"6":0,"7":0,"8":0,"9":0},"f":{"0":0,"1":0},"b":{"0":[0,0],"1":[0,0]}}
,"/Users/garywu/Documents/Workspace/Burger/src/components/Burger/BurgerIngredients/Salad.js": {"path":"/Users/garywu/Documents/Workspace/Burger/src/components/Burger/BurgerIngredients/Salad.js","statementMap":{"0":{"start":{"line":1,"column":13},"end":{"line":1,"column":75}},"1":{"start":{"line":1,"column":94},"end":{"line":1,"column":185}},"2":{"start":{"line":1,"column":199},"end":{"line":1,"column":215}},"3":{"start":{"line":1,"column":230},"end":{"line":1,"column":260}},"4":{"start":{"line":2,"column":24},"end":{"line":2,"column":52}},"5":{"start":{"line":2,"column":78},"end":{"line":2,"column":119}},"6":{"start":{"line":2,"column":158},"end":{"line":2,"column":212}},"7":{"start":{"line":4,"column":20},"end":{"line":10,"column":1}},"8":{"start":{"line":14,"column":4},"end":{"line":14,"column":126}},"9":{"start":{"line":15,"column":4},"end":{"line":15,"column":28}}},"fnMap":{"0":{"name":"_interopRequireDefault","decl":{"start":{"line":2,"column":129},"end":{"line":2,"column":151}},"loc":{"start":{"line":2,"column":157},"end":{"line":2,"column":213}},"line":2},"1":{"name":"(anonymous_1)","decl":{"start":{"line":13,"column":2},"end":{"line":13,"column":3}},"loc":{"start":{"line":13,"column":11},"end":{"line":15,"column":3}},"line":13}},"branchMap":{"0":{"loc":{"start":{"line":2,"column":165},"end":{"line":2,"column":211}},"type":"cond-expr","locations":[{"start":{"line":2,"column":189},"end":{"line":2,"column":192}},{"start":{"line":2,"column":195},"end":{"line":2,"column":211}}],"line":2},"1":{"loc":{"start":{"line":2,"column":165},"end":{"line":2,"column":186}},"type":"binary-expr","locations":[{"start":{"line":2,"column":165},"end":{"line":2,"column":168}},{"start":{"line":2,"column":172},"end":{"line":2,"column":186}}],"line":2}},"s":{"0":0,"1":0,"2":0,"3":0,"4":0,"5":0,"6":0,"7":0,"8":0,"9":0},"f":{"0":0,"1":0},"b":{"0":[0,0],"1":[0,0]}}
,"/Users/garywu/Documents/Workspace/Burger/src/components/Burger/BurgerIngredients/Seed1.js": {"path":"/Users/garywu/Documents/Workspace/Burger/src/components/Burger/BurgerIngredients/Seed1.js","statementMap":{"0":{"start":{"line":1,"column":13},"end":{"line":1,"column":75}},"1":{"start":{"line":1,"column":94},"end":{"line":1,"column":185}},"2":{"start":{"line":1,"column":199},"end":{"line":1,"column":215}},"3":{"start":{"line":1,"column":230},"end":{"line":1,"column":260}},"4":{"start":{"line":2,"column":24},"end":{"line":2,"column":52}},"5":{"start":{"line":2,"column":78},"end":{"line":2,"column":119}},"6":{"start":{"line":2,"column":158},"end":{"line":2,"column":212}},"7":{"start":{"line":4,"column":20},"end":{"line":40,"column":1}},"8":{"start":{"line":44,"column":4},"end":{"line":44,"column":126}},"9":{"start":{"line":45,"column":4},"end":{"line":45,"column":28}}},"fnMap":{"0":{"name":"_interopRequireDefault","decl":{"start":{"line":2,"column":129},"end":{"line":2,"column":151}},"loc":{"start":{"line":2,"column":157},"end":{"line":2,"column":213}},"line":2},"1":{"name":"(anonymous_1)","decl":{"start":{"line":43,"column":2},"end":{"line":43,"column":3}},"loc":{"start":{"line":43,"column":11},"end":{"line":45,"column":3}},"line":43}},"branchMap":{"0":{"loc":{"start":{"line":2,"column":165},"end":{"line":2,"column":211}},"type":"cond-expr","locations":[{"start":{"line":2,"column":189},"end":{"line":2,"column":192}},{"start":{"line":2,"column":195},"end":{"line":2,"column":211}}],"line":2},"1":{"loc":{"start":{"line":2,"column":165},"end":{"line":2,"column":186}},"type":"binary-expr","locations":[{"start":{"line":2,"column":165},"end":{"line":2,"column":168}},{"start":{"line":2,"column":172},"end":{"line":2,"column":186}}],"line":2}},"s":{"0":0,"1":0,"2":0,"3":0,"4":0,"5":0,"6":0,"7":0,"8":0,"9":0},"f":{"0":0,"1":0},"b":{"0":[0,0],"1":[0,0]}}
,"/Users/garywu/Documents/Workspace/Burger/src/components/Burger/BurgerIngredients/Seed2.js": {"path":"/Users/garywu/Documents/Workspace/Burger/src/components/Burger/BurgerIngredients/Seed2.js","statementMap":{"0":{"start":{"line":1,"column":13},"end":{"line":1,"column":75}},"1":{"start":{"line":1,"column":94},"end":{"line":1,"column":185}},"2":{"start":{"line":1,"column":199},"end":{"line":1,"column":215}},"3":{"start":{"line":1,"column":230},"end":{"line":1,"column":260}},"4":{"start":{"line":2,"column":24},"end":{"line":2,"column":52}},"5":{"start":{"line":2,"column":78},"end":{"line":2,"column":119}},"6":{"start":{"line":2,"column":158},"end":{"line":2,"column":212}},"7":{"start":{"line":4,"column":20},"end":{"line":27,"column":1}},"8":{"start":{"line":31,"column":4},"end":{"line":31,"column":126}},"9":{"start":{"line":32,"column":4},"end":{"line":32,"column":28}}},"fnMap":{"0":{"name":"_interopRequireDefault","decl":{"start":{"line":2,"column":129},"end":{"line":2,"column":151}},"loc":{"start":{"line":2,"column":157},"end":{"line":2,"column":213}},"line":2},"1":{"name":"(anonymous_1)","decl":{"start":{"line":30,"column":2},"end":{"line":30,"column":3}},"loc":{"start":{"line":30,"column":11},"end":{"line":32,"column":3}},"line":30}},"branchMap":{"0":{"loc":{"start":{"line":2,"column":165},"end":{"line":2,"column":211}},"type":"cond-expr","locations":[{"start":{"line":2,"column":189},"end":{"line":2,"column":192}},{"start":{"line":2,"column":195},"end":{"line":2,"column":211}}],"line":2},"1":{"loc":{"start":{"line":2,"column":165},"end":{"line":2,"column":186}},"type":"binary-expr","locations":[{"start":{"line":2,"column":165},"end":{"line":2,"column":168}},{"start":{"line":2,"column":172},"end":{"line":2,"column":186}}],"line":2}},"s":{"0":0,"1":0,"2":0,"3":0,"4":0,"5":0,"6":0,"7":0,"8":0,"9":0},"f":{"0":0,"1":0},"b":{"0":[0,0],"1":[0,0]}}
,"/Users/garywu/Documents/Workspace/Burger/src/components/Burger/OrderSummary/OrderSummary.js": {"path":"/Users/garywu/Documents/Workspace/Burger/src/components/Burger/OrderSummary/OrderSummary.js","statementMap":{"0":{"start":{"line":1,"column":13},"end":{"line":1,"column":75}},"1":{"start":{"line":1,"column":94},"end":{"line":1,"column":187}},"2":{"start":{"line":1,"column":201},"end":{"line":1,"column":217}},"3":{"start":{"line":1,"column":232},"end":{"line":1,"column":262}},"4":{"start":{"line":2,"column":24},"end":{"line":2,"column":52}},"5":{"start":{"line":2,"column":78},"end":{"line":2,"column":119}},"6":{"start":{"line":4,"column":14},"end":{"line":4,"column":47}},"7":{"start":{"line":4,"column":63},"end":{"line":4,"column":94}},"8":{"start":{"line":4,"column":133},"end":{"line":4,"column":187}},"9":{"start":{"line":6,"column":21},"end":{"line":30,"column":1}},"10":{"start":{"line":7,"column":18},"end":{"line":9,"column":3}},"11":{"start":{"line":11,"column":28},"end":{"line":17,"column":4}},"12":{"start":{"line":12,"column":4},"end":{"line":14,"column":159}},"13":{"start":{"line":19,"column":2},"end":{"line":27,"column":191}},"14":{"start":{"line":30,"column":2},"end":{"line":32,"column":13}}},"fnMap":{"0":{"name":"_interopRequireDefault","decl":{"start":{"line":4,"column":104},"end":{"line":4,"column":126}},"loc":{"start":{"line":4,"column":132},"end":{"line":4,"column":188}},"line":4},"1":{"name":"(anonymous_1)","decl":{"start":{"line":6,"column":21},"end":{"line":6,"column":22}},"loc":{"start":{"line":6,"column":81},"end":{"line":30,"column":1}},"line":6},"2":{"name":"(anonymous_2)","decl":{"start":{"line":11,"column":57},"end":{"line":11,"column":58}},"loc":{"start":{"line":11,"column":66},"end":{"line":17,"column":3}},"line":11}},"branchMap":{"0":{"loc":{"start":{"line":4,"column":140},"end":{"line":4,"column":186}},"type":"cond-expr","locations":[{"start":{"line":4,"column":164},"end":{"line":4,"column":167}},{"start":{"line":4,"column":170},"end":{"line":4,"column":186}}],"line":4},"1":{"loc":{"start":{"line":4,"column":140},"end":{"line":4,"column":161}},"type":"binary-expr","locations":[{"start":{"line":4,"column":140},"end":{"line":4,"column":143}},{"start":{"line":4,"column":147},"end":{"line":4,"column":161}}],"line":4}},"s":{"0":0,"1":0,"2":0,"3":0,"4":0,"5":0,"6":0,"7":0,"8":0,"9":0,"10":0,"11":0,"12":0,"13":0,"14":0},"f":{"0":0,"1":0,"2":0},"b":{"0":[0,0],"1":[0,0]}}
,"/Users/garywu/Documents/Workspace/Burger/src/components/Logo/Logo.js": {"path":"/Users/garywu/Documents/Workspace/Burger/src/components/Logo/Logo.js","statementMap":{"0":{"start":{"line":1,"column":13},"end":{"line":1,"column":75}},"1":{"start":{"line":1,"column":94},"end":{"line":1,"column":164}},"2":{"start":{"line":1,"column":178},"end":{"line":1,"column":194}},"3":{"start":{"line":1,"column":209},"end":{"line":1,"column":239}},"4":{"start":{"line":2,"column":24},"end":{"line":2,"column":52}},"5":{"start":{"line":2,"column":78},"end":{"line":2,"column":119}},"6":{"start":{"line":4,"column":18},"end":{"line":4,"column":57}},"7":{"start":{"line":4,"column":77},"end":{"line":4,"column":112}},"8":{"start":{"line":4,"column":151},"end":{"line":4,"column":205}},"9":{"start":{"line":6,"column":19},"end":{"line":13,"column":1}},"10":{"start":{"line":15,"column":18},"end":{"line":17,"column":1}},"11":{"start":{"line":19,"column":13},"end":{"line":25,"column":1}},"12":{"start":{"line":20,"column":2},"end":{"line":22,"column":166}},"13":{"start":{"line":25,"column":2},"end":{"line":27,"column":5}}},"fnMap":{"0":{"name":"_interopRequireDefault","decl":{"start":{"line":4,"column":122},"end":{"line":4,"column":144}},"loc":{"start":{"line":4,"column":150},"end":{"line":4,"column":206}},"line":4},"1":{"name":"(anonymous_1)","decl":{"start":{"line":19,"column":13},"end":{"line":19,"column":14}},"loc":{"start":{"line":19,"column":19},"end":{"line":25,"column":1}},"line":19}},"branchMap":{"0":{"loc":{"start":{"line":4,"column":158},"end":{"line":4,"column":204}},"type":"cond-expr","locations":[{"start":{"line":4,"column":182},"end":{"line":4,"column":185}},{"start":{"line":4,"column":188},"end":{"line":4,"column":204}}],"line":4},"1":{"loc":{"start":{"line":4,"column":158},"end":{"line":4,"column":179}},"type":"binary-expr","locations":[{"start":{"line":4,"column":158},"end":{"line":4,"column":161}},{"start":{"line":4,"column":165},"end":{"line":4,"column":179}}],"line":4}},"s":{"0":0,"1":0,"2":0,"3":0,"4":0,"5":0,"6":0,"7":0,"8":0,"9":0,"10":0,"11":0,"12":0,"13":0},"f":{"0":0,"1":0},"b":{"0":[0,0],"1":[0,0]}}
,"/Users/garywu/Documents/Workspace/Burger/src/components/Navigation/NavigationItems/NavigationItems.js": {"path":"/Users/garywu/Documents/Workspace/Burger/src/components/Navigation/NavigationItems/NavigationItems.js","statementMap":{"0":{"start":{"line":6,"column":30},"end":{"line":18,"column":1}},"1":{"start":{"line":20,"column":24},"end":{"line":36,"column":1}},"2":{"start":{"line":21,"column":2},"end":{"line":35,"column":3}}},"fnMap":{"0":{"name":"(anonymous_0)","decl":{"start":{"line":20,"column":24},"end":{"line":20,"column":25}},"loc":{"start":{"line":20,"column":49},"end":{"line":36,"column":1}},"line":20}},"branchMap":{"0":{"loc":{"start":{"line":26,"column":7},"end":{"line":28,"column":14}},"type":"cond-expr","locations":[{"start":{"line":27,"column":8},"end":{"line":27,"column":62}},{"start":{"line":28,"column":10},"end":{"line":28,"column":14}}],"line":26},"1":{"loc":{"start":{"line":29,"column":7},"end":{"line":33,"column":7}},"type":"cond-expr","locations":[{"start":{"line":30,"column":8},"end":{"line":30,"column":62}},{"start":{"line":32,"column":8},"end":{"line":32,"column":66}}],"line":29}},"s":{"0":1,"1":1,"2":5},"f":{"0":5},"b":{"0":[2,3],"1":[2,3]},"_coverageSchema":"332fd63041d2c1bcb487cc26dd0d5f7d97098a6c","hash":"fe42d16b042ee0f150d1b35941721f55acf647b9"}
,"/Users/garywu/Documents/Workspace/Burger/src/components/Navigation/NavigationItems/NavigationItem/NavigationItem.js": {"path":"/Users/garywu/Documents/Workspace/Burger/src/components/Navigation/NavigationItems/NavigationItem/NavigationItem.js","statementMap":{"0":{"start":{"line":5,"column":19},"end":{"line":18,"column":1}},"1":{"start":{"line":20,"column":22},"end":{"line":53,"column":1}},"2":{"start":{"line":55,"column":23},"end":{"line":71,"column":1}},"3":{"start":{"line":56,"column":2},"end":{"line":70,"column":3}}},"fnMap":{"0":{"name":"(anonymous_0)","decl":{"start":{"line":55,"column":23},"end":{"line":55,"column":24}},"loc":{"start":{"line":55,"column":54},"end":{"line":71,"column":1}},"line":55}},"branchMap":{},"s":{"0":1,"1":1,"2":1,"3":0},"f":{"0":0},"b":{},"_coverageSchema":"332fd63041d2c1bcb487cc26dd0d5f7d97098a6c","hash":"7c4f73548c9ea17ae7fd9122066561dc19416087"}
,"/Users/garywu/Documents/Workspace/Burger/src/components/Navigation/SideDrawer/SideDrawer.js": {"path":"/Users/garywu/Documents/Workspace/Burger/src/components/Navigation/SideDrawer/SideDrawer.js","statementMap":{"0":{"start":{"line":1,"column":13},"end":{"line":1,"column":75}},"1":{"start":{"line":1,"column":94},"end":{"line":1,"column":187}},"2":{"start":{"line":1,"column":201},"end":{"line":1,"column":217}},"3":{"start":{"line":1,"column":232},"end":{"line":1,"column":262}},"4":{"start":{"line":2,"column":24},"end":{"line":2,"column":52}},"5":{"start":{"line":2,"column":78},"end":{"line":2,"column":119}},"6":{"start":{"line":4,"column":12},"end":{"line":4,"column":38}},"7":{"start":{"line":4,"column":52},"end":{"line":4,"column":81}},"8":{"start":{"line":5,"column":23},"end":{"line":5,"column":68}},"9":{"start":{"line":5,"column":93},"end":{"line":5,"column":133}},"10":{"start":{"line":5,"column":172},"end":{"line":5,"column":226}},"11":{"start":{"line":7,"column":25},"end":{"line":24,"column":1}},"12":{"start":{"line":19,"column":24},"end":{"line":19,"column":74}},"13":{"start":{"line":26,"column":20},"end":{"line":32,"column":1}},"14":{"start":{"line":34,"column":19},"end":{"line":47,"column":1}},"15":{"start":{"line":35,"column":2},"end":{"line":42,"column":173}},"16":{"start":{"line":47,"column":2},"end":{"line":49,"column":11}}},"fnMap":{"0":{"name":"_interopRequireDefault","decl":{"start":{"line":5,"column":143},"end":{"line":5,"column":165}},"loc":{"start":{"line":5,"column":171},"end":{"line":5,"column":227}},"line":5},"1":{"name":"(anonymous_1)","decl":{"start":{"line":19,"column":15},"end":{"line":19,"column":16}},"loc":{"start":{"line":19,"column":24},"end":{"line":19,"column":74}},"line":19},"2":{"name":"(anonymous_2)","decl":{"start":{"line":34,"column":19},"end":{"line":34,"column":20}},"loc":{"start":{"line":34,"column":41},"end":{"line":47,"column":1}},"line":34}},"branchMap":{"0":{"loc":{"start":{"line":5,"column":179},"end":{"line":5,"column":225}},"type":"cond-expr","locations":[{"start":{"line":5,"column":203},"end":{"line":5,"column":206}},{"start":{"line":5,"column":209},"end":{"line":5,"column":225}}],"line":5},"1":{"loc":{"start":{"line":5,"column":179},"end":{"line":5,"column":200}},"type":"binary-expr","locations":[{"start":{"line":5,"column":179},"end":{"line":5,"column":182}},{"start":{"line":5,"column":186},"end":{"line":5,"column":200}}],"line":5},"2":{"loc":{"start":{"line":19,"column":24},"end":{"line":19,"column":74}},"type":"cond-expr","locations":[{"start":{"line":19,"column":37},"end":{"line":19,"column":52}},{"start":{"line":19,"column":55},"end":{"line":19,"column":74}}],"line":19}},"s":{"0":0,"1":0,"2":0,"3":0,"4":0,"5":0,"6":0,"7":0,"8":0,"9":0,"10":0,"11":0,"12":0,"13":0,"14":0,"15":0,"16":0},"f":{"0":0,"1":0,"2":0},"b":{"0":[0,0],"1":[0,0],"2":[0,0]}}
,"/Users/garywu/Documents/Workspace/Burger/src/components/Navigation/SideDrawer/DrawerToggle/DrawerToggle.js": {"path":"/Users/garywu/Documents/Workspace/Burger/src/components/Navigation/SideDrawer/DrawerToggle/DrawerToggle.js","statementMap":{"0":{"start":{"line":1,"column":13},"end":{"line":1,"column":75}},"1":{"start":{"line":1,"column":94},"end":{"line":1,"column":202}},"2":{"start":{"line":1,"column":216},"end":{"line":1,"column":232}},"3":{"start":{"line":1,"column":247},"end":{"line":1,"column":277}},"4":{"start":{"line":2,"column":24},"end":{"line":2,"column":52}},"5":{"start":{"line":2,"column":78},"end":{"line":2,"column":119}},"6":{"start":{"line":2,"column":158},"end":{"line":2,"column":212}},"7":{"start":{"line":4,"column":27},"end":{"line":18,"column":1}},"8":{"start":{"line":20,"column":20},"end":{"line":24,"column":1}},"9":{"start":{"line":26,"column":13},"end":{"line":26,"column":21}},"10":{"start":{"line":28,"column":21},"end":{"line":36,"column":1}},"11":{"start":{"line":29,"column":2},"end":{"line":33,"column":128}},"12":{"start":{"line":36,"column":2},"end":{"line":38,"column":13}}},"fnMap":{"0":{"name":"_interopRequireDefault","decl":{"start":{"line":2,"column":129},"end":{"line":2,"column":151}},"loc":{"start":{"line":2,"column":157},"end":{"line":2,"column":213}},"line":2},"1":{"name":"(anonymous_1)","decl":{"start":{"line":26,"column":13},"end":{"line":26,"column":14}},"loc":{"start":{"line":26,"column":19},"end":{"line":26,"column":21}},"line":26},"2":{"name":"(anonymous_2)","decl":{"start":{"line":28,"column":21},"end":{"line":28,"column":22}},"loc":{"start":{"line":28,"column":45},"end":{"line":36,"column":1}},"line":28}},"branchMap":{"0":{"loc":{"start":{"line":2,"column":165},"end":{"line":2,"column":211}},"type":"cond-expr","locations":[{"start":{"line":2,"column":189},"end":{"line":2,"column":192}},{"start":{"line":2,"column":195},"end":{"line":2,"column":211}}],"line":2},"1":{"loc":{"start":{"line":2,"column":165},"end":{"line":2,"column":186}},"type":"binary-expr","locations":[{"start":{"line":2,"column":165},"end":{"line":2,"column":168}},{"start":{"line":2,"column":172},"end":{"line":2,"column":186}}],"line":2},"2":{"loc":{"start":{"line":28,"column":24},"end":{"line":28,"column":38}},"type":"default-arg","locations":[{"start":{"line":28,"column":34},"end":{"line":28,"column":38}}],"line":28}},"s":{"0":0,"1":0,"2":0,"3":0,"4":0,"5":0,"6":0,"7":0,"8":0,"9":0,"10":0,"11":0,"12":0},"f":{"0":0,"1":0,"2":0},"b":{"0":[0,0],"1":[0,0],"2":[0]}}
,"/Users/garywu/Documents/Workspace/Burger/src/components/Navigation/Toolbar/Toolbar.js": {"path":"/Users/garywu/Documents/Workspace/Burger/src/components/Navigation/Toolbar/Toolbar.js","statementMap":{"0":{"start":{"line":1,"column":13},"end":{"line":1,"column":75}},"1":{"start":{"line":1,"column":94},"end":{"line":1,"column":181}},"2":{"start":{"line":1,"column":195},"end":{"line":1,"column":211}},"3":{"start":{"line":1,"column":226},"end":{"line":1,"column":256}},"4":{"start":{"line":2,"column":24},"end":{"line":2,"column":52}},"5":{"start":{"line":2,"column":78},"end":{"line":2,"column":119}},"6":{"start":{"line":4,"column":12},"end":{"line":4,"column":38}},"7":{"start":{"line":4,"column":52},"end":{"line":4,"column":81}},"8":{"start":{"line":5,"column":23},"end":{"line":5,"column":68}},"9":{"start":{"line":5,"column":93},"end":{"line":5,"column":133}},"10":{"start":{"line":6,"column":20},"end":{"line":6,"column":70}},"11":{"start":{"line":6,"column":92},"end":{"line":6,"column":129}},"12":{"start":{"line":6,"column":168},"end":{"line":6,"column":222}},"13":{"start":{"line":8,"column":22},"end":{"line":21,"column":1}},"14":{"start":{"line":23,"column":20},"end":{"line":25,"column":1}},"15":{"start":{"line":27,"column":19},"end":{"line":33,"column":1}},"16":{"start":{"line":35,"column":16},"end":{"line":47,"column":1}},"17":{"start":{"line":36,"column":2},"end":{"line":43,"column":170}},"18":{"start":{"line":47,"column":2},"end":{"line":48,"column":8}}},"fnMap":{"0":{"name":"_interopRequireDefault","decl":{"start":{"line":6,"column":139},"end":{"line":6,"column":161}},"loc":{"start":{"line":6,"column":167},"end":{"line":6,"column":223}},"line":6},"1":{"name":"(anonymous_1)","decl":{"start":{"line":35,"column":16},"end":{"line":35,"column":17}},"loc":{"start":{"line":35,"column":53},"end":{"line":47,"column":1}},"line":35}},"branchMap":{"0":{"loc":{"start":{"line":6,"column":175},"end":{"line":6,"column":221}},"type":"cond-expr","locations":[{"start":{"line":6,"column":199},"end":{"line":6,"column":202}},{"start":{"line":6,"column":205},"end":{"line":6,"column":221}}],"line":6},"1":{"loc":{"start":{"line":6,"column":175},"end":{"line":6,"column":196}},"type":"binary-expr","locations":[{"start":{"line":6,"column":175},"end":{"line":6,"column":178}},{"start":{"line":6,"column":182},"end":{"line":6,"column":196}}],"line":6}},"s":{"0":0,"1":0,"2":0,"3":0,"4":0,"5":0,"6":0,"7":0,"8":0,"9":0,"10":0,"11":0,"12":0,"13":0,"14":0,"15":0,"16":0,"17":0,"18":0},"f":{"0":0,"1":0},"b":{"0":[0,0],"1":[0,0]}}
,"/Users/garywu/Documents/Workspace/Burger/src/components/Order/Order.js": {"path":"/Users/garywu/Documents/Workspace/Burger/src/components/Order/Order.js","statementMap":{"0":{"start":{"line":1,"column":13},"end":{"line":1,"column":75}},"1":{"start":{"line":1,"column":94},"end":{"line":1,"column":166}},"2":{"start":{"line":1,"column":180},"end":{"line":1,"column":196}},"3":{"start":{"line":1,"column":211},"end":{"line":1,"column":241}},"4":{"start":{"line":2,"column":24},"end":{"line":2,"column":52}},"5":{"start":{"line":2,"column":78},"end":{"line":2,"column":119}},"6":{"start":{"line":2,"column":158},"end":{"line":2,"column":212}},"7":{"start":{"line":4,"column":20},"end":{"line":11,"column":1}},"8":{"start":{"line":13,"column":23},"end":{"line":18,"column":1}},"9":{"start":{"line":20,"column":14},"end":{"line":47,"column":1}},"10":{"start":{"line":21,"column":25},"end":{"line":21,"column":27}},"11":{"start":{"line":22,"column":2},"end":{"line":24,"column":3}},"12":{"start":{"line":23,"column":4},"end":{"line":23,"column":71}},"13":{"start":{"line":26,"column":27},"end":{"line":33,"column":4}},"14":{"start":{"line":27,"column":4},"end":{"line":30,"column":55}},"15":{"start":{"line":35,"column":2},"end":{"line":42,"column":143}},"16":{"start":{"line":47,"column":2},"end":{"line":49,"column":6}}},"fnMap":{"0":{"name":"_interopRequireDefault","decl":{"start":{"line":2,"column":129},"end":{"line":2,"column":151}},"loc":{"start":{"line":2,"column":157},"end":{"line":2,"column":213}},"line":2},"1":{"name":"(anonymous_1)","decl":{"start":{"line":20,"column":14},"end":{"line":20,"column":15}},"loc":{"start":{"line":20,"column":61},"end":{"line":47,"column":1}},"line":20},"2":{"name":"(anonymous_2)","decl":{"start":{"line":26,"column":48},"end":{"line":26,"column":49}},"loc":{"start":{"line":26,"column":62},"end":{"line":33,"column":3}},"line":26}},"branchMap":{"0":{"loc":{"start":{"line":2,"column":165},"end":{"line":2,"column":211}},"type":"cond-expr","locations":[{"start":{"line":2,"column":189},"end":{"line":2,"column":192}},{"start":{"line":2,"column":195},"end":{"line":2,"column":211}}],"line":2},"1":{"loc":{"start":{"line":2,"column":165},"end":{"line":2,"column":186}},"type":"binary-expr","locations":[{"start":{"line":2,"column":165},"end":{"line":2,"column":168}},{"start":{"line":2,"column":172},"end":{"line":2,"column":186}}],"line":2}},"s":{"0":0,"1":0,"2":0,"3":0,"4":0,"5":0,"6":0,"7":0,"8":0,"9":0,"10":0,"11":0,"12":0,"13":0,"14":0,"15":0,"16":0},"f":{"0":0,"1":0,"2":0},"b":{"0":[0,0],"1":[0,0]}}
,"/Users/garywu/Documents/Workspace/Burger/src/components/Order/CheckoutSummary/CheckoutSummary.js": {"path":"/Users/garywu/Documents/Workspace/Burger/src/components/Order/CheckoutSummary/CheckoutSummary.js","statementMap":{"0":{"start":{"line":1,"column":13},"end":{"line":1,"column":75}},"1":{"start":{"line":1,"column":94},"end":{"line":1,"column":192}},"2":{"start":{"line":1,"column":206},"end":{"line":1,"column":222}},"3":{"start":{"line":1,"column":237},"end":{"line":1,"column":267}},"4":{"start":{"line":2,"column":24},"end":{"line":2,"column":52}},"5":{"start":{"line":2,"column":78},"end":{"line":2,"column":119}},"6":{"start":{"line":4,"column":14},"end":{"line":4,"column":44}},"7":{"start":{"line":4,"column":60},"end":{"line":4,"column":91}},"8":{"start":{"line":5,"column":14},"end":{"line":5,"column":47}},"9":{"start":{"line":5,"column":63},"end":{"line":5,"column":94}},"10":{"start":{"line":5,"column":133},"end":{"line":5,"column":187}},"11":{"start":{"line":7,"column":30},"end":{"line":15,"column":1}},"12":{"start":{"line":17,"column":24},"end":{"line":36,"column":1}},"13":{"start":{"line":22,"column":2},"end":{"line":31,"column":193}},"14":{"start":{"line":36,"column":2},"end":{"line":38,"column":16}}},"fnMap":{"0":{"name":"_interopRequireDefault","decl":{"start":{"line":5,"column":104},"end":{"line":5,"column":126}},"loc":{"start":{"line":5,"column":132},"end":{"line":5,"column":188}},"line":5},"1":{"name":"(anonymous_1)","decl":{"start":{"line":17,"column":24},"end":{"line":17,"column":25}},"loc":{"start":{"line":21,"column":0},"end":{"line":36,"column":1}},"line":21}},"branchMap":{"0":{"loc":{"start":{"line":5,"column":140},"end":{"line":5,"column":186}},"type":"cond-expr","locations":[{"start":{"line":5,"column":164},"end":{"line":5,"column":167}},{"start":{"line":5,"column":170},"end":{"line":5,"column":186}}],"line":5},"1":{"loc":{"start":{"line":5,"column":140},"end":{"line":5,"column":161}},"type":"binary-expr","locations":[{"start":{"line":5,"column":140},"end":{"line":5,"column":143}},{"start":{"line":5,"column":147},"end":{"line":5,"column":161}}],"line":5}},"s":{"0":0,"1":0,"2":0,"3":0,"4":0,"5":0,"6":0,"7":0,"8":0,"9":0,"10":0,"11":0,"12":0,"13":0,"14":0},"f":{"0":0,"1":0},"b":{"0":[0,0],"1":[0,0]}}
,"/Users/garywu/Documents/Workspace/Burger/src/components/UI/Backdrop/Backdrop.js": {"path":"/Users/garywu/Documents/Workspace/Burger/src/components/UI/Backdrop/Backdrop.js","statementMap":{"0":{"start":{"line":1,"column":13},"end":{"line":1,"column":75}},"1":{"start":{"line":1,"column":94},"end":{"line":1,"column":175}},"2":{"start":{"line":1,"column":189},"end":{"line":1,"column":205}},"3":{"start":{"line":1,"column":220},"end":{"line":1,"column":250}},"4":{"start":{"line":2,"column":24},"end":{"line":2,"column":52}},"5":{"start":{"line":2,"column":78},"end":{"line":2,"column":119}},"6":{"start":{"line":2,"column":158},"end":{"line":2,"column":212}},"7":{"start":{"line":4,"column":23},"end":{"line":12,"column":1}},"8":{"start":{"line":14,"column":17},"end":{"line":16,"column":143}},"9":{"start":{"line":15,"column":0},"end":{"line":16,"column":143}},"10":{"start":{"line":16,"column":144},"end":{"line":20,"column":9}}},"fnMap":{"0":{"name":"_interopRequireDefault","decl":{"start":{"line":2,"column":129},"end":{"line":2,"column":151}},"loc":{"start":{"line":2,"column":157},"end":{"line":2,"column":213}},"line":2},"1":{"name":"(anonymous_1)","decl":{"start":{"line":14,"column":17},"end":{"line":14,"column":18}},"loc":{"start":{"line":15,"column":0},"end":{"line":16,"column":143}},"line":15}},"branchMap":{"0":{"loc":{"start":{"line":2,"column":165},"end":{"line":2,"column":211}},"type":"cond-expr","locations":[{"start":{"line":2,"column":189},"end":{"line":2,"column":192}},{"start":{"line":2,"column":195},"end":{"line":2,"column":211}}],"line":2},"1":{"loc":{"start":{"line":2,"column":165},"end":{"line":2,"column":186}},"type":"binary-expr","locations":[{"start":{"line":2,"column":165},"end":{"line":2,"column":168}},{"start":{"line":2,"column":172},"end":{"line":2,"column":186}}],"line":2}},"s":{"0":0,"1":0,"2":0,"3":0,"4":0,"5":0,"6":0,"7":0,"8":0,"9":0,"10":0},"f":{"0":0,"1":0},"b":{"0":[0,0],"1":[0,0]}}
,"/Users/garywu/Documents/Workspace/Burger/src/components/UI/Button/Button.js": {"path":"/Users/garywu/Documents/Workspace/Burger/src/components/UI/Button/Button.js","statementMap":{"0":{"start":{"line":1,"column":13},"end":{"line":1,"column":75}},"1":{"start":{"line":1,"column":94},"end":{"line":1,"column":171}},"2":{"start":{"line":1,"column":185},"end":{"line":1,"column":201}},"3":{"start":{"line":1,"column":216},"end":{"line":1,"column":246}},"4":{"start":{"line":2,"column":24},"end":{"line":2,"column":52}},"5":{"start":{"line":2,"column":78},"end":{"line":2,"column":119}},"6":{"start":{"line":2,"column":158},"end":{"line":2,"column":212}},"7":{"start":{"line":4,"column":21},"end":{"line":29,"column":1}},"8":{"start":{"line":8,"column":0},"end":{"line":12,"column":7}},"9":{"start":{"line":31,"column":15},"end":{"line":32,"column":186}},"10":{"start":{"line":32,"column":0},"end":{"line":32,"column":186}},"11":{"start":{"line":32,"column":187},"end":{"line":35,"column":7}}},"fnMap":{"0":{"name":"_interopRequireDefault","decl":{"start":{"line":2,"column":129},"end":{"line":2,"column":151}},"loc":{"start":{"line":2,"column":157},"end":{"line":2,"column":213}},"line":2},"1":{"name":"(anonymous_1)","decl":{"start":{"line":7,"column":11},"end":{"line":7,"column":12}},"loc":{"start":{"line":8,"column":0},"end":{"line":12,"column":7}},"line":8},"2":{"name":"(anonymous_2)","decl":{"start":{"line":31,"column":15},"end":{"line":31,"column":16}},"loc":{"start":{"line":32,"column":0},"end":{"line":32,"column":186}},"line":32}},"branchMap":{"0":{"loc":{"start":{"line":2,"column":165},"end":{"line":2,"column":211}},"type":"cond-expr","locations":[{"start":{"line":2,"column":189},"end":{"line":2,"column":192}},{"start":{"line":2,"column":195},"end":{"line":2,"column":211}}],"line":2},"1":{"loc":{"start":{"line":2,"column":165},"end":{"line":2,"column":186}},"type":"binary-expr","locations":[{"start":{"line":2,"column":165},"end":{"line":2,"column":168}},{"start":{"line":2,"column":172},"end":{"line":2,"column":186}}],"line":2},"2":{"loc":{"start":{"line":8,"column":0},"end":{"line":12,"column":7}},"type":"cond-expr","locations":[{"start":{"line":9,"column":0},"end":{"line":9,"column":9}},{"start":{"line":10,"column":0},"end":{"line":12,"column":7}}],"line":8},"3":{"loc":{"start":{"line":10,"column":0},"end":{"line":12,"column":7}},"type":"cond-expr","locations":[{"start":{"line":11,"column":0},"end":{"line":11,"column":9}},{"start":{"line":12,"column":0},"end":{"line":12,"column":7}}],"line":10}},"s":{"0":0,"1":0,"2":0,"3":0,"4":0,"5":0,"6":0,"7":0,"8":0,"9":0,"10":0,"11":0},"f":{"0":0,"1":0,"2":0},"b":{"0":[0,0],"1":[0,0],"2":[0,0],"3":[0,0]}}
,"/Users/garywu/Documents/Workspace/Burger/src/components/UI/Input/Input.js": {"path":"/Users/garywu/Documents/Workspace/Burger/src/components/UI/Input/Input.js","statementMap":{"0":{"start":{"line":1,"column":13},"end":{"line":1,"column":75}},"1":{"start":{"line":1,"column":94},"end":{"line":1,"column":169}},"2":{"start":{"line":1,"column":183},"end":{"line":1,"column":199}},"3":{"start":{"line":1,"column":214},"end":{"line":1,"column":244}},"4":{"start":{"line":2,"column":13},"end":{"line":2,"column":35}},"5":{"start":{"line":2,"column":50},"end":{"line":2,"column":80}},"6":{"start":{"line":2,"column":119},"end":{"line":2,"column":173}},"7":{"start":{"line":4,"column":14},"end":{"line":65,"column":1}},"8":{"start":{"line":5,"column":21},"end":{"line":5,"column":25}},"9":{"start":{"line":6,"column":23},"end":{"line":6,"column":53}},"10":{"start":{"line":8,"column":2},"end":{"line":10,"column":3}},"11":{"start":{"line":9,"column":4},"end":{"line":9,"column":47}},"12":{"start":{"line":12,"column":2},"end":{"line":54,"column":110}},"13":{"start":{"line":14,"column":6},"end":{"line":19,"column":109}},"14":{"start":{"line":22,"column":6},"end":{"line":22,"column":12}},"15":{"start":{"line":24,"column":6},"end":{"line":29,"column":109}},"16":{"start":{"line":32,"column":6},"end":{"line":32,"column":12}},"17":{"start":{"line":34,"column":6},"end":{"line":42,"column":33}},"18":{"start":{"line":41,"column":8},"end":{"line":42,"column":30}},"19":{"start":{"line":47,"column":6},"end":{"line":47,"column":12}},"20":{"start":{"line":49,"column":6},"end":{"line":54,"column":109}},"21":{"start":{"line":59,"column":2},"end":{"line":62,"column":21}},"22":{"start":{"line":65,"column":2},"end":{"line":67,"column":6}}},"fnMap":{"0":{"name":"_interopRequireDefault","decl":{"start":{"line":2,"column":90},"end":{"line":2,"column":112}},"loc":{"start":{"line":2,"column":118},"end":{"line":2,"column":174}},"line":2},"1":{"name":"(anonymous_1)","decl":{"start":{"line":4,"column":14},"end":{"line":4,"column":15}},"loc":{"start":{"line":4,"column":23},"end":{"line":65,"column":1}},"line":4},"2":{"name":"(anonymous_2)","decl":{"start":{"line":40,"column":40},"end":{"line":40,"column":41}},"loc":{"start":{"line":41,"column":8},"end":{"line":42,"column":30}},"line":41}},"branchMap":{"0":{"loc":{"start":{"line":2,"column":126},"end":{"line":2,"column":172}},"type":"cond-expr","locations":[{"start":{"line":2,"column":150},"end":{"line":2,"column":153}},{"start":{"line":2,"column":156},"end":{"line":2,"column":172}}],"line":2},"1":{"loc":{"start":{"line":2,"column":126},"end":{"line":2,"column":147}},"type":"binary-expr","locations":[{"start":{"line":2,"column":126},"end":{"line":2,"column":129}},{"start":{"line":2,"column":133},"end":{"line":2,"column":147}}],"line":2},"2":{"loc":{"start":{"line":8,"column":2},"end":{"line":10,"column":3}},"type":"if","locations":[{"start":{"line":8,"column":2},"end":{"line":10,"column":3}},{"start":{"line":8,"column":2},"end":{"line":10,"column":3}}],"line":8},"3":{"loc":{"start":{"line":8,"column":6},"end":{"line":8,"column":60}},"type":"binary-expr","locations":[{"start":{"line":8,"column":6},"end":{"line":8,"column":19}},{"start":{"line":8,"column":23},"end":{"line":8,"column":43}},{"start":{"line":8,"column":47},"end":{"line":8,"column":60}}],"line":8},"4":{"loc":{"start":{"line":12,"column":2},"end":{"line":54,"column":110}},"type":"switch","locations":[{"start":{"line":13,"column":4},"end":{"line":22,"column":12}},{"start":{"line":23,"column":4},"end":{"line":32,"column":12}},{"start":{"line":33,"column":4},"end":{"line":47,"column":12}},{"start":{"line":48,"column":4},"end":{"line":54,"column":109}}],"line":12}},"s":{"0":0,"1":0,"2":0,"3":0,"4":0,"5":0,"6":0,"7":0,"8":0,"9":0,"10":0,"11":0,"12":0,"13":0,"14":0,"15":0,"16":0,"17":0,"18":0,"19":0,"20":0,"21":0,"22":0},"f":{"0":0,"1":0,"2":0},"b":{"0":[0,0],"1":[0,0],"2":[0,0],"3":[0,0,0],"4":[0,0,0,0]}}
,"/Users/garywu/Documents/Workspace/Burger/src/components/UI/Modal/Modal.js": {"path":"/Users/garywu/Documents/Workspace/Burger/src/components/UI/Modal/Modal.js","statementMap":{"0":{"start":{"line":1,"column":13},"end":{"line":1,"column":75}},"1":{"start":{"line":1,"column":94},"end":{"line":1,"column":169}},"2":{"start":{"line":1,"column":183},"end":{"line":1,"column":199}},"3":{"start":{"line":1,"column":214},"end":{"line":1,"column":244}},"4":{"start":{"line":2,"column":24},"end":{"line":2,"column":52}},"5":{"start":{"line":2,"column":78},"end":{"line":2,"column":119}},"6":{"start":{"line":2,"column":158},"end":{"line":2,"column":212}},"7":{"start":{"line":4,"column":20},"end":{"line":23,"column":1}},"8":{"start":{"line":16,"column":0},"end":{"line":16,"column":56}},"9":{"start":{"line":17,"column":22},"end":{"line":17,"column":49}},"10":{"start":{"line":25,"column":14},"end":{"line":31,"column":1}},"11":{"start":{"line":26,"column":2},"end":{"line":28,"column":160}},"12":{"start":{"line":31,"column":2},"end":{"line":33,"column":6}}},"fnMap":{"0":{"name":"_interopRequireDefault","decl":{"start":{"line":2,"column":129},"end":{"line":2,"column":151}},"loc":{"start":{"line":2,"column":157},"end":{"line":2,"column":213}},"line":2},"1":{"name":"(anonymous_1)","decl":{"start":{"line":15,"column":15},"end":{"line":15,"column":16}},"loc":{"start":{"line":16,"column":0},"end":{"line":16,"column":56}},"line":16},"2":{"name":"(anonymous_2)","decl":{"start":{"line":17,"column":13},"end":{"line":17,"column":14}},"loc":{"start":{"line":17,"column":22},"end":{"line":17,"column":49}},"line":17},"3":{"name":"(anonymous_3)","decl":{"start":{"line":25,"column":14},"end":{"line":25,"column":15}},"loc":{"start":{"line":25,"column":43},"end":{"line":31,"column":1}},"line":25}},"branchMap":{"0":{"loc":{"start":{"line":2,"column":165},"end":{"line":2,"column":211}},"type":"cond-expr","locations":[{"start":{"line":2,"column":189},"end":{"line":2,"column":192}},{"start":{"line":2,"column":195},"end":{"line":2,"column":211}}],"line":2},"1":{"loc":{"start":{"line":2,"column":165},"end":{"line":2,"column":186}},"type":"binary-expr","locations":[{"start":{"line":2,"column":165},"end":{"line":2,"column":168}},{"start":{"line":2,"column":172},"end":{"line":2,"column":186}}],"line":2},"2":{"loc":{"start":{"line":16,"column":0},"end":{"line":16,"column":56}},"type":"cond-expr","locations":[{"start":{"line":16,"column":18},"end":{"line":16,"column":33}},{"start":{"line":16,"column":36},"end":{"line":16,"column":56}}],"line":16},"3":{"loc":{"start":{"line":17,"column":22},"end":{"line":17,"column":49}},"type":"cond-expr","locations":[{"start":{"line":17,"column":40},"end":{"line":17,"column":43}},{"start":{"line":17,"column":46},"end":{"line":17,"column":49}}],"line":17}},"s":{"0":0,"1":0,"2":0,"3":0,"4":0,"5":0,"6":0,"7":0,"8":0,"9":0,"10":0,"11":0,"12":0},"f":{"0":0,"1":0,"2":0,"3":0},"b":{"0":[0,0],"1":[0,0],"2":[0,0],"3":[0,0]}}
[...]
umn":27}},"8":{"start":{"line":20,"column":27},"end":{"line":25,"column":1}},"9":{"start":{"line":21,"column":2},"end":{"line":23,"column":19}},"10":{"start":{"line":27,"column":28},"end":{"line":31,"column":1}},"11":{"start":{"line":28,"column":2},"end":{"line":29,"column":47}},"12":{"start":{"line":33,"column":23},"end":{"line":45,"column":1}},"13":{"start":{"line":34,"column":2},"end":{"line":44,"column":4}},"14":{"start":{"line":35,"column":4},"end":{"line":35,"column":36}},"15":{"start":{"line":36,"column":4},"end":{"line":43,"column":7}},"16":{"start":{"line":39,"column":6},"end":{"line":39,"column":69}},"17":{"start":{"line":42,"column":6},"end":{"line":42,"column":42}},"18":{"start":{"line":47,"column":21},"end":{"line":52,"column":1}},"19":{"start":{"line":48,"column":2},"end":{"line":50,"column":23}},"20":{"start":{"line":54,"column":23},"end":{"line":59,"column":1}},"21":{"start":{"line":55,"column":2},"end":{"line":57,"column":19}},"22":{"start":{"line":61,"column":26},"end":{"line":66,"column":1}},"23":{"start":{"line":62,"column":2},"end":{"line":64,"column":21}},"24":{"start":{"line":68,"column":24},"end":{"line":72,"column":1}},"25":{"start":{"line":69,"column":2},"end":{"line":70,"column":44}},"26":{"start":{"line":74,"column":19},"end":{"line":92,"column":1}},"27":{"start":{"line":75,"column":2},"end":{"line":91,"column":4}},"28":{"start":{"line":76,"column":4},"end":{"line":76,"column":32}},"29":{"start":{"line":78,"column":4},"end":{"line":78,"column":67}},"30":{"start":{"line":79,"column":4},"end":{"line":90,"column":7}},"31":{"start":{"line":82,"column":24},"end":{"line":82,"column":26}},"32":{"start":{"line":83,"column":6},"end":{"line":85,"column":7}},"33":{"start":{"line":84,"column":8},"end":{"line":84,"column":72}},"34":{"start":{"line":86,"column":6},"end":{"line":86,"column":47}},"35":{"start":{"line":89,"column":6},"end":{"line":89,"column":36}}},"fnMap":{"0":{"name":"_interopRequireDefault","decl":{"start":{"line":10,"column":118},"end":{"line":10,"column":140}},"loc":{"start":{"line":10,"column":146},"end":{"line":10,"column":202}},"line":10},"1":{"name":"(anonymous_1)","decl":{"start":{"line":12,"column":30},"end":{"line":12,"column":31}},"loc":{"start":{"line":12,"column":49},"end":{"line":18,"column":1}},"line":12},"2":{"name":"(anonymous_2)","decl":{"start":{"line":20,"column":27},"end":{"line":20,"column":28}},"loc":{"start":{"line":20,"column":36},"end":{"line":25,"column":1}},"line":20},"3":{"name":"(anonymous_3)","decl":{"start":{"line":27,"column":58},"end":{"line":27,"column":59}},"loc":{"start":{"line":27,"column":64},"end":{"line":31,"column":1}},"line":27},"4":{"name":"(anonymous_4)","decl":{"start":{"line":33,"column":48},"end":{"line":33,"column":49}},"loc":{"start":{"line":33,"column":70},"end":{"line":45,"column":1}},"line":33},"5":{"name":"(anonymous_5)","decl":{"start":{"line":34,"column":9},"end":{"line":34,"column":10}},"loc":{"start":{"line":34,"column":21},"end":{"line":44,"column":3}},"line":34},"6":{"name":"(anonymous_6)","decl":{"start":{"line":38,"column":9},"end":{"line":38,"column":10}},"loc":{"start":{"line":38,"column":21},"end":{"line":40,"column":5}},"line":38},"7":{"name":"(anonymous_7)","decl":{"start":{"line":41,"column":10},"end":{"line":41,"column":11}},"loc":{"start":{"line":41,"column":19},"end":{"line":43,"column":5}},"line":41},"8":{"name":"(anonymous_8)","decl":{"start":{"line":47,"column":44},"end":{"line":47,"column":45}},"loc":{"start":{"line":47,"column":50},"end":{"line":52,"column":1}},"line":47},"9":{"name":"(anonymous_9)","decl":{"start":{"line":54,"column":23},"end":{"line":54,"column":24}},"loc":{"start":{"line":54,"column":32},"end":{"line":59,"column":1}},"line":54},"10":{"name":"(anonymous_10)","decl":{"start":{"line":61,"column":26},"end":{"line":61,"column":27}},"loc":{"start":{"line":61,"column":36},"end":{"line":66,"column":1}},"line":61},"11":{"name":"(anonymous_11)","decl":{"start":{"line":68,"column":24},"end":{"line":68,"column":25}},"loc":{"start":{"line":68,"column":30},"end":{"line":72,"column":1}},"line":68},"12":{"name":"(anonymous_12)","decl":{"start":{"line":74,"column":40},"end":{"line":74,"column":41}},"loc":{"start":{"line":74,"column":59},"end":{"line":92,"column":1}},"line":74},"13":{"name":"(anonymous_13)","decl":{"start":{"line":75,"column":9},"end":{"line":75,"column":10}},"loc":{"start":{"line":75,"column":21},"end":{"line":91,"column":3}},"line":75},"14":{"name":"(anonymous_14)","decl":{"start":{"line":81,"column":9},"end":{"line":81,"column":10}},"loc":{"start":{"line":81,"column":16},"end":{"line":87,"column":5}},"line":81},"15":{"name":"(anonymous_15)","decl":{"start":{"line":88,"column":10},"end":{"line":88,"column":11}},"loc":{"start":{"line":88,"column":17},"end":{"line":90,"column":5}},"line":88}},"branchMap":{"0":{"loc":{"start":{"line":10,"column":154},"end":{"line":10,"column":200}},"type":"cond-expr","locations":[{"start":{"line":10,"column":178},"end":{"line":10,"column":181}},{"start":{"line":10,"column":184},"end":{"line":10,"column":200}}],"line":10},"1":{"loc":{"start":{"line":10,"column":154},"end":{"line":10,"column":175}},"type":"binary-expr","locations":[{"start":{"line":10,"column":154},"end":{"line":10,"column":157}},{"start":{"line":10,"column":161},"end":{"line":10,"column":175}}],"line":10}},"s":{"0":0,"1":0,"2":0,"3":0,"4":0,"5":0,"6":0,"7":0,"8":0,"9":0,"10":0,"11":0,"12":0,"13":0,"14":0,"15":0,"16":0,"17":0,"18":0,"19":0,"20":0,"21":0,"22":0,"23":0,"24":0,"25":0,"26":0,"27":0,"28":0,"29":0,"30":0,"31":0,"32":0,"33":0,"34":0,"35":0},"f":{"0":0,"1":0,"2":0,"3":0,"4":0,"5":0,"6":0,"7":0,"8":0,"9":0,"10":0,"11":0,"12":0,"13":0,"14":0,"15":0},"b":{"0":[0,0],"1":[0,0]}}
,"/Users/garywu/Documents/Workspace/Burger/src/container/store/reducers/auth.js": {"path":"/Users/garywu/Documents/Workspace/Burger/src/container/store/reducers/auth.js","statementMap":{"0":{"start":{"line":10,"column":21},"end":{"line":16,"column":1}},"1":{"start":{"line":18,"column":16},"end":{"line":47,"column":1}},"2":{"start":{"line":20,"column":39},"end":{"line":23,"column":5}},"3":{"start":{"line":24,"column":53},"end":{"line":30,"column":5}},"4":{"start":{"line":31,"column":48},"end":{"line":35,"column":5}},"5":{"start":{"line":36,"column":29},"end":{"line":40,"column":5}},"6":{"start":{"line":41,"column":52},"end":{"line":44,"column":5}}},"fnMap":{"0":{"name":"(anonymous_0)","decl":{"start":{"line":20,"column":18},"end":{"line":20,"column":19}},"loc":{"start":{"line":20,"column":39},"end":{"line":23,"column":5}},"line":20},"1":{"name":"(anonymous_1)","decl":{"start":{"line":24,"column":20},"end":{"line":24,"column":21}},"loc":{"start":{"line":24,"column":53},"end":{"line":30,"column":5}},"line":24},"2":{"name":"(anonymous_2)","decl":{"start":{"line":31,"column":17},"end":{"line":31,"column":18}},"loc":{"start":{"line":31,"column":48},"end":{"line":35,"column":5}},"line":31},"3":{"name":"(anonymous_3)","decl":{"start":{"line":36,"column":19},"end":{"line":36,"column":20}},"loc":{"start":{"line":36,"column":29},"end":{"line":40,"column":5}},"line":36},"4":{"name":"(anonymous_4)","decl":{"start":{"line":41,"column":30},"end":{"line":41,"column":31}},"loc":{"start":{"line":41,"column":52},"end":{"line":44,"column":5}},"line":41}},"branchMap":{},"s":{"0":1,"1":1,"2":0,"3":1,"4":0,"5":0,"6":0},"f":{"0":0,"1":1,"2":0,"3":0,"4":0},"b":{},"_coverageSchema":"332fd63041d2c1bcb487cc26dd0d5f7d97098a6c","hash":"eec474af2678b8810de90c563f3fc3c815e4496d"}
,"/Users/garywu/Documents/Workspace/Burger/src/container/store/reducers/burgerBuilder.js": {"path":"/Users/garywu/Documents/Workspace/Burger/src/container/store/reducers/burgerBuilder.js","statementMap":{"0":{"start":{"line":1,"column":13},"end":{"line":1,"column":75}},"1":{"start":{"line":1,"column":94},"end":{"line":1,"column":127}},"2":{"start":{"line":7,"column":20},"end":{"line":7,"column":44}},"3":{"start":{"line":9,"column":21},"end":{"line":13,"column":19}},"4":{"start":{"line":16,"column":26},"end":{"line":20,"column":13}},"5":{"start":{"line":23,"column":16},"end":{"line":57,"column":13}},"6":{"start":{"line":25,"column":64},"end":{"line":32,"column":21}},"7":{"start":{"line":34,"column":69},"end":{"line":41,"column":21}},"8":{"start":{"line":43,"column":61},"end":{"line":50,"column":22}},"9":{"start":{"line":52,"column":51},"end":{"line":54,"column":18}},"10":{"start":{"line":57,"column":14},"end":{"line":60,"column":8}}},"fnMap":{"0":{"name":"(anonymous_0)","decl":{"start":{"line":25,"column":33},"end":{"line":25,"column":34}},"loc":{"start":{"line":25,"column":64},"end":{"line":32,"column":21}},"line":25},"1":{"name":"(anonymous_1)","decl":{"start":{"line":34,"column":38},"end":{"line":34,"column":39}},"loc":{"start":{"line":34,"column":69},"end":{"line":41,"column":21}},"line":34},"2":{"name":"(anonymous_2)","decl":{"start":{"line":43,"column":33},"end":{"line":43,"column":34}},"loc":{"start":{"line":43,"column":61},"end":{"line":50,"column":22}},"line":43},"3":{"name":"(anonymous_3)","decl":{"start":{"line":52,"column":42},"end":{"line":52,"column":43}},"loc":{"start":{"line":52,"column":51},"end":{"line":54,"column":18}},"line":52}},"branchMap":{},"s":{"0":0,"1":0,"2":0,"3":0,"4":0,"5":0,"6":0,"7":0,"8":0,"9":0,"10":0},"f":{"0":0,"1":0,"2":0,"3":0},"b":{}}
,"/Users/garywu/Documents/Workspace/Burger/src/container/store/reducers/order.js": {"path":"/Users/garywu/Documents/Workspace/Burger/src/container/store/reducers/order.js","statementMap":{"0":{"start":{"line":1,"column":13},"end":{"line":1,"column":75}},"1":{"start":{"line":1,"column":94},"end":{"line":1,"column":127}},"2":{"start":{"line":10,"column":20},"end":{"line":10,"column":44}},"3":{"start":{"line":12,"column":21},"end":{"line":14,"column":18}},"4":{"start":{"line":17,"column":16},"end":{"line":57,"column":13}},"5":{"start":{"line":19,"column":59},"end":{"line":21,"column":23}},"6":{"start":{"line":23,"column":60},"end":{"line":25,"column":20}},"7":{"start":{"line":28,"column":21},"end":{"line":30,"column":20}},"8":{"start":{"line":32,"column":4},"end":{"line":36,"column":64}},"9":{"start":{"line":39,"column":59},"end":{"line":41,"column":21}},"10":{"start":{"line":43,"column":46},"end":{"line":45,"column":20}},"11":{"start":{"line":47,"column":62},"end":{"line":50,"column":21}},"12":{"start":{"line":52,"column":56},"end":{"line":54,"column":21}},"13":{"start":{"line":57,"column":14},"end":{"line":60,"column":8}}},"fnMap":{"0":{"name":"(anonymous_0)","decl":{"start":{"line":19,"column":39},"end":{"line":19,"column":40}},"loc":{"start":{"line":19,"column":59},"end":{"line":21,"column":23}},"line":19},"1":{"name":"(anonymous_1)","decl":{"start":{"line":23,"column":40},"end":{"line":23,"column":41}},"loc":{"start":{"line":23,"column":60},"end":{"line":25,"column":20}},"line":23},"2":{"name":"(anonymous_2)","decl":{"start":{"line":27,"column":42},"end":{"line":27,"column":43}},"loc":{"start":{"line":27,"column":77},"end":{"line":38,"column":3}},"line":27},"3":{"name":"(anonymous_3)","decl":{"start":{"line":39,"column":39},"end":{"line":39,"column":40}},"loc":{"start":{"line":39,"column":59},"end":{"line":41,"column":21}},"line":39},"4":{"name":"(anonymous_4)","decl":{"start":{"line":43,"column":37},"end":{"line":43,"column":38}},"loc":{"start":{"line":43,"column":46},"end":{"line":45,"column":20}},"line":43},"5":{"name":"(anonymous_5)","decl":{"start":{"line":47,"column":39},"end":{"line":47,"column":40}},"loc":{"start":{"line":47,"column":62},"end":{"line":50,"column":21}},"line":47},"6":{"name":"(anonymous_6)","decl":{"start":{"line":52,"column":36},"end":{"line":52,"column":37}},"loc":{"start":{"line":52,"column":56},"end":{"line":54,"column":21}},"line":52}},"branchMap":{},"s":{"0":0,"1":0,"2":0,"3":0,"4":0,"5":0,"6":0,"7":0,"8":0,"9":0,"10":0,"11":0,"12":0,"13":0},"f":{"0":0,"1":0,"2":0,"3":0,"4":0,"5":0,"6":0},"b":{}}
,"/Users/garywu/Documents/Workspace/Burger/src/hoc/withErrorHandler.js": {"path":"/Users/garywu/Documents/Workspace/Burger/src/hoc/withErrorHandler.js","statementMap":{"0":{"start":{"line":1,"column":13},"end":{"line":1,"column":75}},"1":{"start":{"line":1,"column":94},"end":{"line":1,"column":164}},"2":{"start":{"line":1,"column":178},"end":{"line":1,"column":194}},"3":{"start":{"line":1,"column":209},"end":{"line":1,"column":239}},"4":{"start":{"line":2,"column":13},"end":{"line":2,"column":52}},"5":{"start":{"line":2,"column":67},"end":{"line":2,"column":97}},"6":{"start":{"line":3,"column":16},"end":{"line":3,"column":61}},"7":{"start":{"line":3,"column":79},"end":{"line":3,"column":112}},"8":{"start":{"line":4,"column":19},"end":{"line":4,"column":45}},"9":{"start":{"line":4,"column":66},"end":{"line":4,"column":102}},"10":{"start":{"line":4,"column":141},"end":{"line":4,"column":195}},"11":{"start":{"line":6,"column":25},"end":{"line":58,"column":1}},"12":{"start":{"line":7,"column":2},"end":{"line":56,"column":7}},"13":{"start":{"line":9,"column":6},"end":{"line":9,"column":19}},"14":{"start":{"line":9,"column":19},"end":{"line":28,"column":27}},"15":{"start":{"line":28,"column":27},"end":{"line":38,"column":8}},"16":{"start":{"line":37,"column":8},"end":{"line":37,"column":40}},"17":{"start":{"line":38,"column":8},"end":{"line":38,"column":310}},"18":{"start":{"line":38,"column":85},"end":{"line":38,"column":135}},"19":{"start":{"line":38,"column":135},"end":{"line":38,"column":146}},"20":{"start":{"line":38,"column":239},"end":{"line":38,"column":242}},"21":{"start":{"line":38,"column":254},"end":{"line":38,"column":306}},"22":{"start":{"line":38,"column":335},"end":{"line":38,"column":405}},"23":{"start":{"line":38,"column":405},"end":{"line":38,"column":475}},"24":{"start":{"line":41,"column":6},"end":{"line":53,"column":163}},"25":{"start":{"line":58,"column":2},"end":{"line":60,"column":17}}},"fnMap":{"0":{"name":"_interopRequireDefault","decl":{"start":{"line":4,"column":112},"end":{"line":4,"column":134}},"loc":{"start":{"line":4,"column":140},"end":{"line":4,"column":196}},"line":4},"1":{"name":"(anonymous_1)","decl":{"start":{"line":6,"column":25},"end":{"line":6,"column":26}},"loc":{"start":{"line":6,"column":45},"end":{"line":58,"column":1}},"line":6},"2":{"name":"(anonymous_2)","decl":{"start":{"line":8,"column":4},"end":{"line":8,"column":5}},"loc":{"start":{"line":8,"column":23},"end":{"line":38,"column":311}},"line":8},"3":{"name":"(anonymous_3)","decl":{"start":{"line":36,"column":27},"end":{"line":36,"column":28}},"loc":{"start":{"line":36,"column":33},"end":{"line":38,"column":7}},"line":36},"4":{"name":"(anonymous_4)","decl":{"start":{"line":38,"column":77},"end":{"line":38,"column":78}},"loc":{"start":{"line":38,"column":84},"end":{"line":38,"column":147}},"line":38},"5":{"name":"(anonymous_5)","decl":{"start":{"line":38,"column":149},"end":{"line":38,"column":150}},"loc":{"start":{"line":38,"column":158},"end":{"line":38,"column":160}},"line":38},"6":{"name":"(anonymous_6)","decl":{"start":{"line":38,"column":232},"end":{"line":38,"column":233}},"loc":{"start":{"line":38,"column":239},"end":{"line":38,"column":242}},"line":38},"7":{"name":"(anonymous_7)","decl":{"start":{"line":38,"column":244},"end":{"line":38,"column":245}},"loc":{"start":{"line":38,"column":253},"end":{"line":38,"column":307}},"line":38},"8":{"name":"(anonymous_8)","decl":{"start":{"line":38,"column":311},"end":{"line":38,"column":312}},"loc":{"start":{"line":38,"column":334},"end":{"line":38,"column":476}},"line":38},"9":{"name":"(anonymous_9)","decl":{"start":{"line":40,"column":4},"end":{"line":40,"column":5}},"loc":{"start":{"line":40,"column":13},"end":{"line":56,"column":5}},"line":40}},"branchMap":{"0":{"loc":{"start":{"line":4,"column":148},"end":{"line":4,"column":194}},"type":"cond-expr","locations":[{"start":{"line":4,"column":172},"end":{"line":4,"column":175}},{"start":{"line":4,"column":178},"end":{"line":4,"column":194}}],"line":4},"1":{"loc":{"start":{"line":4,"column":148},"end":{"line":4,"column":169}},"type":"binary-expr","locations":[{"start":{"line":4,"column":148},"end":{"line":4,"column":151}},{"start":{"line":4,"column":155},"end":{"line":4,"column":169}}],"line":4},"2":{"loc":{"start":{"line":44,"column":12},"end":{"line":44,"column":69}},"type":"cond-expr","locations":[{"start":{"line":44,"column":31},"end":{"line":44,"column":62}},{"start":{"line":44,"column":65},"end":{"line":44,"column":69}}],"line":44},"3":{"loc":{"start":{"line":47,"column":10},"end":{"line":50,"column":128}},"type":"cond-expr","locations":[{"start":{"line":48,"column":10},"end":{"line":48,"column":165}},{"start":{"line":50,"column":10},"end":{"line":50,"column":128}}],"line":47}},"s":{"0":0,"1":0,"2":0,"3":0,"4":0,"5":0,"6":0,"7":0,"8":0,"9":0,"10":0,"11":0,"12":0,"13":0,"14":0,"15":0,"16":0,"17":0,"18":0,"19":0,"20":0,"21":0,"22":0,"23":0,"24":0,"25":0},"f":{"0":0,"1":0,"2":0,"3":0,"4":0,"5":0,"6":0,"7":0,"8":0,"9":0},"b":{"0":[0,0],"1":[0,0],"2":[0,0],"3":[0,0]}}
,"/Users/garywu/Documents/Workspace/Burger/src/hoc/asyncComponent/asyncComponent.js": {"path":"/Users/garywu/Documents/Workspace/Burger/src/hoc/asyncComponent/asyncComponent.js","statementMap":{"0":{"start":{"line":1,"column":13},"end":{"line":1,"column":75}},"1":{"start":{"line":1,"column":94},"end":{"line":1,"column":177}},"2":{"start":{"line":1,"column":191},"end":{"line":1,"column":207}},"3":{"start":{"line":1,"column":222},"end":{"line":1,"column":252}},"4":{"start":{"line":1,"column":291},"end":{"line":1,"column":345}},"5":{"start":{"line":3,"column":23},"end":{"line":22,"column":1}},"6":{"start":{"line":4,"column":4},"end":{"line":20,"column":11}},"7":{"start":{"line":4,"column":75},"end":{"line":6,"column":41}},"8":{"start":{"line":10,"column":12},"end":{"line":13,"column":15}},"9":{"start":{"line":12,"column":16},"end":{"line":12,"column":58}},"10":{"start":{"line":17,"column":22},"end":{"line":17,"column":42}},"11":{"start":{"line":19,"column":12},"end":{"line":19,"column":166}},"12":{"start":{"line":22,"column":2},"end":{"line":24,"column":15}}},"fnMap":{"0":{"name":"_interopRequireDefault","decl":{"start":{"line":1,"column":262},"end":{"line":1,"column":284}},"loc":{"start":{"line":1,"column":290},"end":{"line":1,"column":346}},"line":1},"1":{"name":"(anonymous_1)","decl":{"start":{"line":3,"column":23},"end":{"line":3,"column":24}},"loc":{"start":{"line":3,"column":42},"end":{"line":22,"column":1}},"line":3},"2":{"name":"(anonymous_2)","decl":{"start":{"line":4,"column":43},"end":{"line":4,"column":44}},"loc":{"start":{"line":4,"column":64},"end":{"line":6,"column":42}},"line":4},"3":{"name":"(anonymous_3)","decl":{"start":{"line":9,"column":8},"end":{"line":9,"column":9}},"loc":{"start":{"line":9,"column":28},"end":{"line":14,"column":9}},"line":9},"4":{"name":"(anonymous_4)","decl":{"start":{"line":11,"column":17},"end":{"line":11,"column":18}},"loc":{"start":{"line":11,"column":24},"end":{"line":13,"column":13}},"line":11},"5":{"name":"(anonymous_5)","decl":{"start":{"line":16,"column":8},"end":{"line":16,"column":9}},"loc":{"start":{"line":16,"column":17},"end":{"line":20,"column":9}},"line":16}},"branchMap":{"0":{"loc":{"start":{"line":1,"column":298},"end":{"line":1,"column":344}},"type":"cond-expr","locations":[{"start":{"line":1,"column":322},"end":{"line":1,"column":325}},{"start":{"line":1,"column":328},"end":{"line":1,"column":344}}],"line":1},"1":{"loc":{"start":{"line":1,"column":298},"end":{"line":1,"column":319}},"type":"binary-expr","locations":[{"start":{"line":1,"column":298},"end":{"line":1,"column":301}},{"start":{"line":1,"column":305},"end":{"line":1,"column":319}}],"line":1},"2":{"loc":{"start":{"line":19,"column":19},"end":{"line":19,"column":165}},"type":"cond-expr","locations":[{"start":{"line":19,"column":23},"end":{"line":19,"column":158}},{"start":{"line":19,"column":161},"end":{"line":19,"column":165}}],"line":19}},"s":{"0":0,"1":0,"2":0,"3":0,"4":0,"5":0,"6":0,"7":0,"8":0,"9":0,"10":0,"11":0,"12":0},"f":{"0":0,"1":0,"2":0,"3":0,"4":0,"5":0},"b":{"0":[0,0],"1":[0,0],"2":[0,0]}}
}
